<?xml version="1.0" encoding="UTF-8"?>
<!-- Generated by org.testng.reporters.JUnitXMLReporter -->
<testsuite hostname="USPHXAWV3PSD417" name="One Drive Tests" tests="2" failures="1" timestamp="22 May 2015 18:38:37 GMT" time="180.379" errors="0">
  <testcase name="createWordFile" time="112.169" classname="wdframework.tests.onedrive.OneDriveTests"/>
  <testcase name="deleteWordFile" time="54.038" classname="wdframework.tests.onedrive.OneDriveTests">
    <failure type="java.lang.AssertionError" message="Folder deletion failed as new folder is not deleted expected [true] but found [false]">
      <![CDATA[java.lang.AssertionError: Folder deletion failed as new folder is not deleted expected [true] but found [false]
	at wdframework.action.onedrive.OneDriveAction.deleteFile(OneDriveAction.java:249)
	at wdframework.tests.onedrive.OneDriveTests.deleteWordFile(OneDriveTests.java:85)
... Removed 27 stack frames]]>
    </failure>
  </testcase> <!-- deleteWordFile -->
</testsuite> <!-- One Drive Tests -->
