<?xml version="1.0" encoding="UTF-8"?>
<!-- Generated by org.testng.reporters.JUnitXMLReporter -->
<testsuite hostname="USPHXAWV3PSD417" name="Sample Tests on Grid" tests="7" failures="7" timestamp="19 May 2015 11:44:31 GMT" time="28.544" errors="0">
  <testcase name="TestGoogle2" time="0.083" classname="wdframework.tests.SampleTest">
    <failure type="java.lang.StackOverflowError">
      <![CDATA[java.lang.StackOverflowError
	at wdframework.webelements.Element.isDisplayed(Element.java:76)
	at wdframework.webelements.Element.isDisplayed(Element.java:76)
	at wdframework.webelements.Element.isDisplayed(Element.java:76)
	at wdframework.webelements.Element.isDisplayed(Element.java:76)
	at wdframework.webelements.Element.isDisplayed(Element.java:76)
	at wdframework.webelements.Element.isDisplayed(Element.java:76)
	at wdframework.webelements.Element.isDisplayed(Element.java:76)
	at wdframework.webelements.Element.isDisplayed(Element.java:76)
	at wdframework.webelements.Element.isDisplayed(Element.java:76)
	at wdframework.webelements.Element.isDisplayed(Element.java:76)
	at wdframework.webelements.Element.isDisplayed(Element.java:76)
	at wdframework.webelements.Element.isDisplayed(Element.java:76)
	at wdframework.webelements.Element.isDisplayed(Element.java:76)
	at wdframework.webelements.Element.isDisplayed(Element.java:76)
	at wdframework.webelements.Element.isDisplayed(Element.java:76)
	at wdframework.webelements.Element.isDisplayed(Element.java:76)
	at wdframework.webelements.Element.isDisplayed(Element.java:76)
	at wdframework.webelements.Element.isDisplayed(Element.java:76)
	at wdframework.webelements.Element.isDisplayed(Element.java:76)
	at wdframework.webelements.Element.isDisplayed(Element.java:76)
	at wdframework.webelements.Element.isDisplayed(Element.java:76)
	at wdframework.webelements.Element.isDisplayed(Element.java:76)
	at wdframework.webelements.Element.isDisplayed(Element.java:76)
	at wdframework.webelements.Element.isDisplayed(Element.java:76)
	at wdframework.webelements.Element.isDisplayed(Element.java:76)
	at wdframework.webelements.Element.isDisplayed(Element.java:76)
	at wdframework.webelements.Element.isDisplayed(Element.java:76)
	at wdframework.webelements.Element.isDisplayed(Element.java:76)
	at wdframework.webelements.Element.isDisplayed(Element.java:76)
	at wdframework.webelements.Element.isDisplayed(Element.java:76)
	at wdframework.webelements.Element.isDisplayed(Element.java:76)
	at wdframework.webelements.Element.isDisplayed(Element.java:76)
	at wdframework.webelements.Element.isDisplayed(Element.java:76)
	at wdframework.webelements.Element.isDisplayed(Element.java:76)
	at wdframework.webelements.Element.isDisplayed(Element.java:76)
	at wdframework.webelements.Element.isDisplayed(Element.java:76)
	at wdframework.webelements.Element.isDisplayed(Element.java:76)
	at wdframework.webelements.Element.isDisplayed(Element.java:76)
	at wdframework.webelements.Element.isDisplayed(Element.java:76)
	at wdframework.webelements.Element.isDisplayed(Element.java:76)
	at wdframework.webelements.Element.isDisplayed(Element.java:76)
	at wdframework.webelements.Element.isDisplayed(Element.java:76)
	at wdframework.webelements.Element.isDisplayed(Element.java:76)
	at wdframework.webelements.Element.isDisplayed(Element.java:76)
	at wdframework.webelements.Element.isDisplayed(Element.java:76)
	at wdframework.webelements.Element.isDisplayed(Element.java:76)
	at wdframework.webelements.Element.isDisplayed(Element.java:76)
	at wdframework.webelements.Element.isDisplayed(Element.java:76)
	at wdframework.webelements.Element.isDisplayed(Element.java:76)
	at wdframework.webelements.Element.isDisplayed(Element.java:76)
	at wdframework.webelements.Element.isDisplayed(Element.java:76)
	at wdframework.webelements.Element.isDisplayed(Element.java:76)
	at wdframework.webelements.Element.isDisplayed(Element.java:76)
	at wdframework.webelements.Element.isDisplayed(Element.java:76)
	at wdframework.webelements.Element.isDisplayed(Element.java:76)
	at wdframework.webelements.Element.isDisplayed(Element.java:76)
	at wdframework.webelements.Element.isDisplayed(Element.java:76)
	at wdframework.webelements.Element.isDisplayed(Element.java:76)
	at wdframework.webelements.Element.isDisplayed(Element.java:76)
	at wdframework.webelements.Element.isDisplayed(Element.java:76)
	at wdframework.webelements.Element.isDisplayed(Element.java:76)
	at wdframework.webelements.Element.isDisplayed(Element.java:76)
	at wdframework.webelements.Element.isDisplayed(Element.java:76)
	at wdframework.webelements.Element.isDisplayed(Element.java:76)
	at wdframework.webelements.Element.isDisplayed(Element.java:76)
	at wdframework.webelements.Element.isDisplayed(Element.java:76)
	at wdframework.webelements.Element.isDisplayed(Element.java:76)
	at wdframework.webelements.Element.isDisplayed(Element.java:76)
	at wdframework.webelements.Element.isDisplayed(Element.java:76)
	at wdframework.webelements.Element.isDisplayed(Element.java:76)
	at wdframework.webelements.Element.isDisplayed(Element.java:76)
	at wdframework.webelements.Element.isDisplayed(Element.java:76)
	at wdframework.webelements.Element.isDisplayed(Element.java:76)
	at wdframework.webelements.Element.isDisplayed(Element.java:76)
	at wdframework.webelements.Element.isDisplayed(Element.java:76)
	at wdframework.webelements.Element.isDisplayed(Element.java:76)
	at wdframework.webelements.Element.isDisplayed(Element.java:76)
	at wdframework.webelements.Element.isDisplayed(Element.java:76)
	at wdframework.webelements.Element.isDisplayed(Element.java:76)
	at wdframework.webelements.Element.isDisplayed(Element.java:76)
	at wdframework.webelements.Element.isDisplayed(Element.java:76)
	at wdframework.webelements.Element.isDisplayed(Element.java:76)
	at wdframework.webelements.Element.isDisplayed(Element.java:76)
	at wdframework.webelements.Element.isDisplayed(Element.java:76)
	at wdframework.webelements.Element.isDisplayed(Element.java:76)
	at wdframework.webelements.Element.isDisplayed(Element.java:76)
	at wdframework.webelements.Element.isDisplayed(Element.java:76)
	at wdframework.webelements.Element.isDisplayed(Element.java:76)
	at wdframework.webelements.Element.isDisplayed(Element.java:76)
	at wdframework.webelements.Element.isDisplayed(Element.java:76)
	at wdframework.webelements.Element.isDisplayed(Element.java:76)
	at wdframework.webelements.Element.isDisplayed(Element.java:76)
	at wdframework.webelements.Element.isDisplayed(Element.java:76)
	at wdframework.webelements.Element.isDisplayed(Element.java:76)
	at wdframework.webelements.Element.isDisplayed(Element.java:76)
	at wdframework.webelements.Element.isDisplayed(Element.java:76)
	at wdframework.webelements.Element.isDisplayed(Element.java:76)
	at wdframework.webelements.Element.isDisplayed(Element.java:76)
	at wdframework.webelements.Element.isDisplayed(Element.java:76)
	at wdframework.webelements.Element.isDisplayed(Element.java:76)
	at wdframework.webelements.Element.isDisplayed(Element.java:76)
	at wdframework.webelements.Element.isDisplayed(Element.java:76)
	at wdframework.webelements.Element.isDisplayed(Element.java:76)
	at wdframework.webelements.Element.isDisplayed(Element.java:76)
	at wdframework.webelements.Element.isDisplayed(Element.java:76)
	at wdframework.webelements.Element.isDisplayed(Element.java:76)
	at wdframework.webelements.Element.isDisplayed(Element.java:76)
	at wdframework.webelements.Element.isDisplayed(Element.java:76)
	at wdframework.webelements.Element.isDisplayed(Element.java:76)
	at wdframework.webelements.Element.isDisplayed(Element.java:76)
	at wdframework.webelements.Element.isDisplayed(Element.java:76)
	at wdframework.webelements.Element.isDisplayed(Element.java:76)
	at wdframework.webelements.Element.isDisplayed(Element.java:76)
	at wdframework.webelements.Element.isDisplayed(Element.java:76)
	at wdframework.webelements.Element.isDisplayed(Element.java:76)
	at wdframework.webelements.Element.isDisplayed(Element.java:76)
	at wdframework.webelements.Element.isDisplayed(Element.java:76)
	at wdframework.webelements.Element.isDisplayed(Element.java:76)
	at wdframework.webelements.Element.isDisplayed(Element.java:76)
	at wdframework.webelements.Element.isDisplayed(Element.java:76)
	at wdframework.webelements.Element.isDisplayed(Element.java:76)
	at wdframework.webelements.Element.isDisplayed(Element.java:76)
	at wdframework.webelements.Element.isDisplayed(Element.java:76)
	at wdframework.webelements.Element.isDisplayed(Element.java:76)
	at wdframework.webelements.Element.isDisplayed(Element.java:76)
	at wdframework.webelements.Element.isDisplayed(Element.java:76)
	at wdframework.webelements.Element.isDisplayed(Element.java:76)
	at wdframework.webelements.Element.isDisplayed(Element.java:76)
	at wdframework.webelements.Element.isDisplayed(Element.java:76)
	at wdframework.webelements.Element.isDisplayed(Element.java:76)
	at wdframework.webelements.Element.isDisplayed(Element.java:76)
	at wdframework.webelements.Element.isDisplayed(Element.java:76)
	at wdframework.webelements.Element.isDisplayed(Element.java:76)
	at wdframework.webelements.Element.isDisplayed(Element.java:76)
	at wdframework.webelements.Element.isDisplayed(Element.java:76)
	at wdframework.webelements.Element.isDisplayed(Element.java:76)
	at wdframework.webelements.Element.isDisplayed(Element.java:76)
	at wdframework.webelements.Element.isDisplayed(Element.java:76)
	at wdframework.webelements.Element.isDisplayed(Element.java:76)
	at wdframework.webelements.Element.isDisplayed(Element.java:76)
	at wdframework.webelements.Element.isDisplayed(Element.java:76)
	at wdframework.webelements.Element.isDisplayed(Element.java:76)
	at wdframework.webelements.Element.isDisplayed(Element.java:76)
	at wdframework.webelements.Element.isDisplayed(Element.java:76)
	at wdframework.webelements.Element.isDisplayed(Element.java:76)
	at wdframework.webelements.Element.isDisplayed(Element.java:76)
	at wdframework.webelements.Element.isDisplayed(Element.java:76)
	at wdframework.webelements.Element.isDisplayed(Element.java:76)
	at wdframework.webelements.Element.isDisplayed(Element.java:76)
	at wdframework.webelements.Element.isDisplayed(Element.java:76)
	at wdframework.webelements.Element.isDisplayed(Element.java:76)
	at wdframework.webelements.Element.isDisplayed(Element.java:76)
	at wdframework.webelements.Element.isDisplayed(Element.java:76)
	at wdframework.webelements.Element.isDisplayed(Element.java:76)
	at wdframework.webelements.Element.isDisplayed(Element.java:76)
	at wdframework.webelements.Element.isDisplayed(Element.java:76)
	at wdframework.webelements.Element.isDisplayed(Element.java:76)
	at wdframework.webelements.Element.isDisplayed(Element.java:76)
	at wdframework.webelements.Element.isDisplayed(Element.java:76)
	at wdframework.webelements.Element.isDisplayed(Element.java:76)
	at wdframework.webelements.Element.isDisplayed(Element.java:76)
	at wdframework.webelements.Element.isDisplayed(Element.java:76)
	at wdframework.webelements.Element.isDisplayed(Element.java:76)
	at wdframework.webelements.Element.isDisplayed(Element.java:76)
	at wdframework.webelements.Element.isDisplayed(Element.java:76)
	at wdframework.webelements.Element.isDisplayed(Element.java:76)
	at wdframework.webelements.Element.isDisplayed(Element.java:76)
	at wdframework.webelements.Element.isDisplayed(Element.java:76)
	at wdframework.webelements.Element.isDisplayed(Element.java:76)
	at wdframework.webelements.Element.isDisplayed(Element.java:76)
	at wdframework.webelements.Element.isDisplayed(Element.java:76)
	at wdframework.webelements.Element.isDisplayed(Element.java:76)
	at wdframework.webelements.Element.isDisplayed(Element.java:76)
	at wdframework.webelements.Element.isDisplayed(Element.java:76)
	at wdframework.webelements.Element.isDisplayed(Element.java:76)
	at wdframework.webelements.Element.isDisplayed(Element.java:76)
	at wdframework.webelements.Element.isDisplayed(Element.java:76)
	at wdframework.webelements.Element.isDisplayed(Element.java:76)
	at wdframework.webelements.Element.isDisplayed(Element.java:76)
	at wdframework.webelements.Element.isDisplayed(Element.java:76)
	at wdframework.webelements.Element.isDisplayed(Element.java:76)
	at wdframework.webelements.Element.isDisplayed(Element.java:76)
	at wdframework.webelements.Element.isDisplayed(Element.java:76)
	at wdframework.webelements.Element.isDisplayed(Element.java:76)
	at wdframework.webelements.Element.isDisplayed(Element.java:76)
	at wdframework.webelements.Element.isDisplayed(Element.java:76)
	at wdframework.webelements.Element.isDisplayed(Element.java:76)
	at wdframework.webelements.Element.isDisplayed(Element.java:76)
	at wdframework.webelements.Element.isDisplayed(Element.java:76)
	at wdframework.webelements.Element.isDisplayed(Element.java:76)
	at wdframework.webelements.Element.isDisplayed(Element.java:76)
	at wdframework.webelements.Element.isDisplayed(Element.java:76)
	at wdframework.webelements.Element.isDisplayed(Element.java:76)
	at wdframework.webelements.Element.isDisplayed(Element.java:76)
	at wdframework.webelements.Element.isDisplayed(Element.java:76)
	at wdframework.webelements.Element.isDisplayed(Element.java:76)
	at wdframework.webelements.Element.isDisplayed(Element.java:76)
	at wdframework.webelements.Element.isDisplayed(Element.java:76)
	at wdframework.webelements.Element.isDisplayed(Element.java:76)
	at wdframework.webelements.Element.isDisplayed(Element.java:76)
	at wdframework.webelements.Element.isDisplayed(Element.java:76)
	at wdframework.webelements.Element.isDisplayed(Element.java:76)
	at wdframework.webelements.Element.isDisplayed(Element.java:76)
	at wdframework.webelements.Element.isDisplayed(Element.java:76)
	at wdframework.webelements.Element.isDisplayed(Element.java:76)
	at wdframework.webelements.Element.isDisplayed(Element.java:76)
	at wdframework.webelements.Element.isDisplayed(Element.java:76)
	at wdframework.webelements.Element.isDisplayed(Element.java:76)
	at wdframework.webelements.Element.isDisplayed(Element.java:76)
	at wdframework.webelements.Element.isDisplayed(Element.java:76)
	at wdframework.webelements.Element.isDisplayed(Element.java:76)
	at wdframework.webelements.Element.isDisplayed(Element.java:76)
	at wdframework.webelements.Element.isDisplayed(Element.java:76)
	at wdframework.webelements.Element.isDisplayed(Element.java:76)
	at wdframework.webelements.Element.isDisplayed(Element.java:76)
	at wdframework.webelements.Element.isDisplayed(Element.java:76)
	at wdframework.webelements.Element.isDisplayed(Element.java:76)
	at wdframework.webelements.Element.isDisplayed(Element.java:76)
	at wdframework.webelements.Element.isDisplayed(Element.java:76)
	at wdframework.webelements.Element.isDisplayed(Element.java:76)
	at wdframework.webelements.Element.isDisplayed(Element.java:76)
	at wdframework.webelements.Element.isDisplayed(Element.java:76)
	at wdframework.webelements.Element.isDisplayed(Element.java:76)
	at wdframework.webelements.Element.isDisplayed(Element.java:76)
	at wdframework.webelements.Element.isDisplayed(Element.java:76)
	at wdframework.webelements.Element.isDisplayed(Element.java:76)
	at wdframework.webelements.Element.isDisplayed(Element.java:76)
	at wdframework.webelements.Element.isDisplayed(Element.java:76)
	at wdframework.webelements.Element.isDisplayed(Element.java:76)
	at wdframework.webelements.Element.isDisplayed(Element.java:76)
	at wdframework.webelements.Element.isDisplayed(Element.java:76)
	at wdframework.webelements.Element.isDisplayed(Element.java:76)
	at wdframework.webelements.Element.isDisplayed(Element.java:76)
	at wdframework.webelements.Element.isDisplayed(Element.java:76)
	at wdframework.webelements.Element.isDisplayed(Element.java:76)
	at wdframework.webelements.Element.isDisplayed(Element.java:76)
	at wdframework.webelements.Element.isDisplayed(Element.java:76)
	at wdframework.webelements.Element.isDisplayed(Element.java:76)
	at wdframework.webelements.Element.isDisplayed(Element.java:76)
	at wdframework.webelements.Element.isDisplayed(Element.java:76)
	at wdframework.webelements.Element.isDisplayed(Element.java:76)
	at wdframework.webelements.Element.isDisplayed(Element.java:76)
	at wdframework.webelements.Element.isDisplayed(Element.java:76)
	at wdframework.webelements.Element.isDisplayed(Element.java:76)
	at wdframework.webelements.Element.isDisplayed(Element.java:76)
	at wdframework.webelements.Element.isDisplayed(Element.java:76)
	at wdframework.webelements.Element.isDisplayed(Element.java:76)
	at wdframework.webelements.Element.isDisplayed(Element.java:76)
	at wdframework.webelements.Element.isDisplayed(Element.java:76)
	at wdframework.webelements.Element.isDisplayed(Element.java:76)
	at wdframework.webelements.Element.isDisplayed(Element.java:76)
	at wdframework.webelements.Element.isDisplayed(Element.java:76)
	at wdframework.webelements.Element.isDisplayed(Element.java:76)
	at wdframework.webelements.Element.isDisplayed(Element.java:76)
	at wdframework.webelements.Element.isDisplayed(Element.java:76)
	at wdframework.webelements.Element.isDisplayed(Element.java:76)
	at wdframework.webelements.Element.isDisplayed(Element.java:76)
	at wdframework.webelements.Element.isDisplayed(Element.java:76)
	at wdframework.webelements.Element.isDisplayed(Element.java:76)
	at wdframework.webelements.Element.isDisplayed(Element.java:76)
	at wdframework.webelements.Element.isDisplayed(Element.java:76)
	at wdframework.webelements.Element.isDisplayed(Element.java:76)
	at wdframework.webelements.Element.isDisplayed(Element.java:76)
	at wdframework.webelements.Element.isDisplayed(Element.java:76)
	at wdframework.webelements.Element.isDisplayed(Element.java:76)
	at wdframework.webelements.Element.isDisplayed(Element.java:76)
	at wdframework.webelements.Element.isDisplayed(Element.java:76)
	at wdframework.webelements.Element.isDisplayed(Element.java:76)
	at wdframework.webelements.Element.isDisplayed(Element.java:76)
	at wdframework.webelements.Element.isDisplayed(Element.java:76)
	at wdframework.webelements.Element.isDisplayed(Element.java:76)
	at wdframework.webelements.Element.isDisplayed(Element.java:76)
	at wdframework.webelements.Element.isDisplayed(Element.java:76)
	at wdframework.webelements.Element.isDisplayed(Element.java:76)
	at wdframework.webelements.Element.isDisplayed(Element.java:76)
	at wdframework.webelements.Element.isDisplayed(Element.java:76)
	at wdframework.webelements.Element.isDisplayed(Element.java:76)
	at wdframework.webelements.Element.isDisplayed(Element.java:76)
	at wdframework.webelements.Element.isDisplayed(Element.java:76)
	at wdframework.webelements.Element.isDisplayed(Element.java:76)
	at wdframework.webelements.Element.isDisplayed(Element.java:76)
	at wdframework.webelements.Element.isDisplayed(Element.java:76)
	at wdframework.webelements.Element.isDisplayed(Element.java:76)
	at wdframework.webelements.Element.isDisplayed(Element.java:76)
	at wdframework.webelements.Element.isDisplayed(Element.java:76)
	at wdframework.webelements.Element.isDisplayed(Element.java:76)
	at wdframework.webelements.Element.isDisplayed(Element.java:76)
	at wdframework.webelements.Element.isDisplayed(Element.java:76)
	at wdframework.webelements.Element.isDisplayed(Element.java:76)
	at wdframework.webelements.Element.isDisplayed(Element.java:76)
	at wdframework.webelements.Element.isDisplayed(Element.java:76)
	at wdframework.webelements.Element.isDisplayed(Element.java:76)
	at wdframework.webelements.Element.isDisplayed(Element.java:76)
	at wdframework.webelements.Element.isDisplayed(Element.java:76)
	at wdframework.webelements.Element.isDisplayed(Element.java:76)
	at wdframework.webelements.Element.isDisplayed(Element.java:76)
	at wdframework.webelements.Element.isDisplayed(Element.java:76)
	at wdframework.webelements.Element.isDisplayed(Element.java:76)
	at wdframework.webelements.Element.isDisplayed(Element.java:76)
	at wdframework.webelements.Element.isDisplayed(Element.java:76)
	at wdframework.webelements.Element.isDisplayed(Element.java:76)
	at wdframework.webelements.Element.isDisplayed(Element.java:76)
	at wdframework.webelements.Element.isDisplayed(Element.java:76)
	at wdframework.webelements.Element.isDisplayed(Element.java:76)
	at wdframework.webelements.Element.isDisplayed(Element.java:76)
	at wdframework.webelements.Element.isDisplayed(Element.java:76)
	at wdframework.webelements.Element.isDisplayed(Element.java:76)
	at wdframework.webelements.Element.isDisplayed(Element.java:76)
	at wdframework.webelements.Element.isDisplayed(Element.java:76)
	at wdframework.webelements.Element.isDisplayed(Element.java:76)
	at wdframework.webelements.Element.isDisplayed(Element.java:76)
	at wdframework.webelements.Element.isDisplayed(Element.java:76)
	at wdframework.webelements.Element.isDisplayed(Element.java:76)
	at wdframework.webelements.Element.isDisplayed(Element.java:76)
	at wdframework.webelements.Element.isDisplayed(Element.java:76)
	at wdframework.webelements.Element.isDisplayed(Element.java:76)
	at wdframework.webelements.Element.isDisplayed(Element.java:76)
	at wdframework.webelements.Element.isDisplayed(Element.java:76)
	at wdframework.webelements.Element.isDisplayed(Element.java:76)
	at wdframework.webelements.Element.isDisplayed(Element.java:76)
	at wdframework.webelements.Element.isDisplayed(Element.java:76)
	at wdframework.webelements.Element.isDisplayed(Element.java:76)
	at wdframework.webelements.Element.isDisplayed(Element.java:76)
	at wdframework.webelements.Element.isDisplayed(Element.java:76)
	at wdframework.webelements.Element.isDisplayed(Element.java:76)
	at wdframework.webelements.Element.isDisplayed(Element.java:76)
	at wdframework.webelements.Element.isDisplayed(Element.java:76)
	at wdframework.webelements.Element.isDisplayed(Element.java:76)
	at wdframework.webelements.Element.isDisplayed(Element.java:76)
	at wdframework.webelements.Element.isDisplayed(Element.java:76)
	at wdframework.webelements.Element.isDisplayed(Element.java:76)
	at wdframework.webelements.Element.isDisplayed(Element.java:76)
	at wdframework.webelements.Element.isDisplayed(Element.java:76)
	at wdframework.webelements.Element.isDisplayed(Element.java:76)
	at wdframework.webelements.Element.isDisplayed(Element.java:76)
	at wdframework.webelements.Element.isDisplayed(Element.java:76)
	at wdframework.webelements.Element.isDisplayed(Element.java:76)
	at wdframework.webelements.Element.isDisplayed(Element.java:76)
	at wdframework.webelements.Element.isDisplayed(Element.java:76)
	at wdframework.webelements.Element.isDisplayed(Element.java:76)
	at wdframework.webelements.Element.isDisplayed(Element.java:76)
	at wdframework.webelements.Element.isDisplayed(Element.java:76)
	at wdframework.webelements.Element.isDisplayed(Element.java:76)
	at wdframework.webelements.Element.isDisplayed(Element.java:76)
	at wdframework.webelements.Element.isDisplayed(Element.java:76)
	at wdframework.webelements.Element.isDisplayed(Element.java:76)
	at wdframework.webelements.Element.isDisplayed(Element.java:76)
	at wdframework.webelements.Element.isDisplayed(Element.java:76)
	at wdframework.webelements.Element.isDisplayed(Element.java:76)
	at wdframework.webelements.Element.isDisplayed(Element.java:76)
	at wdframework.webelements.Element.isDisplayed(Element.java:76)
	at wdframework.webelements.Element.isDisplayed(Element.java:76)
	at wdframework.webelements.Element.isDisplayed(Element.java:76)
	at wdframework.webelements.Element.isDisplayed(Element.java:76)
	at wdframework.webelements.Element.isDisplayed(Element.java:76)
	at wdframework.webelements.Element.isDisplayed(Element.java:76)
	at wdframework.webelements.Element.isDisplayed(Element.java:76)
	at wdframework.webelements.Element.isDisplayed(Element.java:76)
	at wdframework.webelements.Element.isDisplayed(Element.java:76)
	at wdframework.webelements.Element.isDisplayed(Element.java:76)
	at wdframework.webelements.Element.isDisplayed(Element.java:76)
	at wdframework.webelements.Element.isDisplayed(Element.java:76)
	at wdframework.webelements.Element.isDisplayed(Element.java:76)
	at wdframework.webelements.Element.isDisplayed(Element.java:76)
	at wdframework.webelements.Element.isDisplayed(Element.java:76)
	at wdframework.webelements.Element.isDisplayed(Element.java:76)
	at wdframework.webelements.Element.isDisplayed(Element.java:76)
	at wdframework.webelements.Element.isDisplayed(Element.java:76)
	at wdframework.webelements.Element.isDisplayed(Element.java:76)
	at wdframework.webelements.Element.isDisplayed(Element.java:76)
	at wdframework.webelements.Element.isDisplayed(Element.java:76)
	at wdframework.webelements.Element.isDisplayed(Element.java:76)
	at wdframework.webelements.Element.isDisplayed(Element.java:76)
	at wdframework.webelements.Element.isDisplayed(Element.java:76)
	at wdframework.webelements.Element.isDisplayed(Element.java:76)
	at wdframework.webelements.Element.isDisplayed(Element.java:76)
	at wdframework.webelements.Element.isDisplayed(Element.java:76)
	at wdframework.webelements.Element.isDisplayed(Element.java:76)
	at wdframework.webelements.Element.isDisplayed(Element.java:76)
	at wdframework.webelements.Element.isDisplayed(Element.java:76)
	at wdframework.webelements.Element.isDisplayed(Element.java:76)
	at wdframework.webelements.Element.isDisplayed(Element.java:76)
	at wdframework.webelements.Element.isDisplayed(Element.java:76)
	at wdframework.webelements.Element.isDisplayed(Element.java:76)
	at wdframework.webelements.Element.isDisplayed(Element.java:76)
	at wdframework.webelements.Element.isDisplayed(Element.java:76)
	at wdframework.webelements.Element.isDisplayed(Element.java:76)
	at wdframework.webelements.Element.isDisplayed(Element.java:76)
	at wdframework.webelements.Element.isDisplayed(Element.java:76)
	at wdframework.webelements.Element.isDisplayed(Element.java:76)
	at wdframework.webelements.Element.isDisplayed(Element.java:76)
	at wdframework.webelements.Element.isDisplayed(Element.java:76)
	at wdframework.webelements.Element.isDisplayed(Element.java:76)
	at wdframework.webelements.Element.isDisplayed(Element.java:76)
	at wdframework.webelements.Element.isDisplayed(Element.java:76)
	at wdframework.webelements.Element.isDisplayed(Element.java:76)
	at wdframework.webelements.Element.isDisplayed(Element.java:76)
	at wdframework.webelements.Element.isDisplayed(Element.java:76)
	at wdframework.webelements.Element.isDisplayed(Element.java:76)
	at wdframework.webelements.Element.isDisplayed(Element.java:76)
	at wdframework.webelements.Element.isDisplayed(Element.java:76)
	at wdframework.webelements.Element.isDisplayed(Element.java:76)
	at wdframework.webelements.Element.isDisplayed(Element.java:76)
	at wdframework.webelements.Element.isDisplayed(Element.java:76)
	at wdframework.webelements.Element.isDisplayed(Element.java:76)
	at wdframework.webelements.Element.isDisplayed(Element.java:76)
	at wdframework.webelements.Element.isDisplayed(Element.java:76)
	at wdframework.webelements.Element.isDisplayed(Element.java:76)
	at wdframework.webelements.Element.isDisplayed(Element.java:76)
	at wdframework.webelements.Element.isDisplayed(Element.java:76)
	at wdframework.webelements.Element.isDisplayed(Element.java:76)
	at wdframework.webelements.Element.isDisplayed(Element.java:76)
	at wdframework.webelements.Element.isDisplayed(Element.java:76)
	at wdframework.webelements.Element.isDisplayed(Element.java:76)
	at wdframework.webelements.Element.isDisplayed(Element.java:76)
	at wdframework.webelements.Element.isDisplayed(Element.java:76)
	at wdframework.webelements.Element.isDisplayed(Element.java:76)
	at wdframework.webelements.Element.isDisplayed(Element.java:76)
	at wdframework.webelements.Element.isDisplayed(Element.java:76)
	at wdframework.webelements.Element.isDisplayed(Element.java:76)
	at wdframework.webelements.Element.isDisplayed(Element.java:76)
	at wdframework.webelements.Element.isDisplayed(Element.java:76)
	at wdframework.webelements.Element.isDisplayed(Element.java:76)
	at wdframework.webelements.Element.isDisplayed(Element.java:76)
	at wdframework.webelements.Element.isDisplayed(Element.java:76)
	at wdframework.webelements.Element.isDisplayed(Element.java:76)
	at wdframework.webelements.Element.isDisplayed(Element.java:76)
	at wdframework.webelements.Element.isDisplayed(Element.java:76)
	at wdframework.webelements.Element.isDisplayed(Element.java:76)
	at wdframework.webelements.Element.isDisplayed(Element.java:76)
	at wdframework.webelements.Element.isDisplayed(Element.java:76)
	at wdframework.webelements.Element.isDisplayed(Element.java:76)
	at wdframework.webelements.Element.isDisplayed(Element.java:76)
	at wdframework.webelements.Element.isDisplayed(Element.java:76)
	at wdframework.webelements.Element.isDisplayed(Element.java:76)
	at wdframework.webelements.Element.isDisplayed(Element.java:76)
	at wdframework.webelements.Element.isDisplayed(Element.java:76)
	at wdframework.webelements.Element.isDisplayed(Element.java:76)
	at wdframework.webelements.Element.isDisplayed(Element.java:76)
	at wdframework.webelements.Element.isDisplayed(Element.java:76)
	at wdframework.webelements.Element.isDisplayed(Element.java:76)
	at wdframework.webelements.Element.isDisplayed(Element.java:76)
	at wdframework.webelements.Element.isDisplayed(Element.java:76)
	at wdframework.webelements.Element.isDisplayed(Element.java:76)
	at wdframework.webelements.Element.isDisplayed(Element.java:76)
	at wdframework.webelements.Element.isDisplayed(Element.java:76)
	at wdframework.webelements.Element.isDisplayed(Element.java:76)
	at wdframework.webelements.Element.isDisplayed(Element.java:76)
	at wdframework.webelements.Element.isDisplayed(Element.java:76)
	at wdframework.webelements.Element.isDisplayed(Element.java:76)
	at wdframework.webelements.Element.isDisplayed(Element.java:76)
	at wdframework.webelements.Element.isDisplayed(Element.java:76)
	at wdframework.webelements.Element.isDisplayed(Element.java:76)
	at wdframework.webelements.Element.isDisplayed(Element.java:76)
	at wdframework.webelements.Element.isDisplayed(Element.java:76)
	at wdframework.webelements.Element.isDisplayed(Element.java:76)
	at wdframework.webelements.Element.isDisplayed(Element.java:76)
	at wdframework.webelements.Element.isDisplayed(Element.java:76)
	at wdframework.webelements.Element.isDisplayed(Element.java:76)
	at wdframework.webelements.Element.isDisplayed(Element.java:76)
	at wdframework.webelements.Element.isDisplayed(Element.java:76)
	at wdframework.webelements.Element.isDisplayed(Element.java:76)
	at wdframework.webelements.Element.isDisplayed(Element.java:76)
	at wdframework.webelements.Element.isDisplayed(Element.java:76)
	at wdframework.webelements.Element.isDisplayed(Element.java:76)
	at wdframework.webelements.Element.isDisplayed(Element.java:76)
	at wdframework.webelements.Element.isDisplayed(Element.java:76)
	at wdframework.webelements.Element.isDisplayed(Element.java:76)
	at wdframework.webelements.Element.isDisplayed(Element.java:76)
	at wdframework.webelements.Element.isDisplayed(Element.java:76)
	at wdframework.webelements.Element.isDisplayed(Element.java:76)
	at wdframework.webelements.Element.isDisplayed(Element.java:76)
	at wdframework.webelements.Element.isDisplayed(Element.java:76)
	at wdframework.webelements.Element.isDisplayed(Element.java:76)
	at wdframework.webelements.Element.isDisplayed(Element.java:76)
	at wdframework.webelements.Element.isDisplayed(Element.java:76)
	at wdframework.webelements.Element.isDisplayed(Element.java:76)
	at wdframework.webelements.Element.isDisplayed(Element.java:76)
	at wdframework.webelements.Element.isDisplayed(Element.java:76)
	at wdframework.webelements.Element.isDisplayed(Element.java:76)
	at wdframework.webelements.Element.isDisplayed(Element.java:76)
	at wdframework.webelements.Element.isDisplayed(Element.java:76)
	at wdframework.webelements.Element.isDisplayed(Element.java:76)
	at wdframework.webelements.Element.isDisplayed(Element.java:76)
	at wdframework.webelements.Element.isDisplayed(Element.java:76)
	at wdframework.webelements.Element.isDisplayed(Element.java:76)
	at wdframework.webelements.Element.isDisplayed(Element.java:76)
	at wdframework.webelements.Element.isDisplayed(Element.java:76)
	at wdframework.webelements.Element.isDisplayed(Element.java:76)
	at wdframework.webelements.Element.isDisplayed(Element.java:76)
	at wdframework.webelements.Element.isDisplayed(Element.java:76)
	at wdframework.webelements.Element.isDisplayed(Element.java:76)
	at wdframework.webelements.Element.isDisplayed(Element.java:76)
	at wdframework.webelements.Element.isDisplayed(Element.java:76)
	at wdframework.webelements.Element.isDisplayed(Element.java:76)
	at wdframework.webelements.Element.isDisplayed(Element.java:76)
	at wdframework.webelements.Element.isDisplayed(Element.java:76)
	at wdframework.webelements.Element.isDisplayed(Element.java:76)
	at wdframework.webelements.Element.isDisplayed(Element.java:76)
	at wdframework.webelements.Element.isDisplayed(Element.java:76)
	at wdframework.webelements.Element.isDisplayed(Element.java:76)
	at wdframework.webelements.Element.isDisplayed(Element.java:76)
	at wdframework.webelements.Element.isDisplayed(Element.java:76)
	at wdframework.webelements.Element.isDisplayed(Element.java:76)
	at wdframework.webelements.Element.isDisplayed(Element.java:76)
	at wdframework.webelements.Element.isDisplayed(Element.java:76)
	at wdframework.webelements.Element.isDisplayed(Element.java:76)
	at wdframework.webelements.Element.isDisplayed(Element.java:76)
	at wdframework.webelements.Element.isDisplayed(Element.java:76)
	at wdframework.webelements.Element.isDisplayed(Element.java:76)
	at wdframework.webelements.Element.isDisplayed(Element.java:76)
	at wdframework.webelements.Element.isDisplayed(Element.java:76)
	at wdframework.webelements.Element.isDisplayed(Element.java:76)
	at wdframework.webelements.Element.isDisplayed(Element.java:76)
	at wdframework.webelements.Element.isDisplayed(Element.java:76)
	at wdframework.webelements.Element.isDisplayed(Element.java:76)
	at wdframework.webelements.Element.isDisplayed(Element.java:76)
	at wdframework.webelements.Element.isDisplayed(Element.java:76)
	at wdframework.webelements.Element.isDisplayed(Element.java:76)
	at wdframework.webelements.Element.isDisplayed(Element.java:76)
	at wdframework.webelements.Element.isDisplayed(Element.java:76)
	at wdframework.webelements.Element.isDisplayed(Element.java:76)
	at wdframework.webelements.Element.isDisplayed(Element.java:76)
	at wdframework.webelements.Element.isDisplayed(Element.java:76)
	at wdframework.webelements.Element.isDisplayed(Element.java:76)
	at wdframework.webelements.Element.isDisplayed(Element.java:76)
	at wdframework.webelements.Element.isDisplayed(Element.java:76)
	at wdframework.webelements.Element.isDisplayed(Element.java:76)
	at wdframework.webelements.Element.isDisplayed(Element.java:76)
	at wdframework.webelements.Element.isDisplayed(Element.java:76)
	at wdframework.webelements.Element.isDisplayed(Element.java:76)
	at wdframework.webelements.Element.isDisplayed(Element.java:76)
	at wdframework.webelements.Element.isDisplayed(Element.java:76)
	at wdframework.webelements.Element.isDisplayed(Element.java:76)
	at wdframework.webelements.Element.isDisplayed(Element.java:76)
	at wdframework.webelements.Element.isDisplayed(Element.java:76)
	at wdframework.webelements.Element.isDisplayed(Element.java:76)
	at wdframework.webelements.Element.isDisplayed(Element.java:76)
	at wdframework.webelements.Element.isDisplayed(Element.java:76)
	at wdframework.webelements.Element.isDisplayed(Element.java:76)
	at wdframework.webelements.Element.isDisplayed(Element.java:76)
	at wdframework.webelements.Element.isDisplayed(Element.java:76)
	at wdframework.webelements.Element.isDisplayed(Element.java:76)
	at wdframework.webelements.Element.isDisplayed(Element.java:76)
	at wdframework.webelements.Element.isDisplayed(Element.java:76)
	at wdframework.webelements.Element.isDisplayed(Element.java:76)
	at wdframework.webelements.Element.isDisplayed(Element.java:76)
	at wdframework.webelements.Element.isDisplayed(Element.java:76)
	at wdframework.webelements.Element.isDisplayed(Element.java:76)
	at wdframework.webelements.Element.isDisplayed(Element.java:76)
	at wdframework.webelements.Element.isDisplayed(Element.java:76)
	at wdframework.webelements.Element.isDisplayed(Element.java:76)
	at wdframework.webelements.Element.isDisplayed(Element.java:76)
	at wdframework.webelements.Element.isDisplayed(Element.java:76)
	at wdframework.webelements.Element.isDisplayed(Element.java:76)
	at wdframework.webelements.Element.isDisplayed(Element.java:76)
	at wdframework.webelements.Element.isDisplayed(Element.java:76)
	at wdframework.webelements.Element.isDisplayed(Element.java:76)
	at wdframework.webelements.Element.isDisplayed(Element.java:76)
	at wdframework.webelements.Element.isDisplayed(Element.java:76)
	at wdframework.webelements.Element.isDisplayed(Element.java:76)
	at wdframework.webelements.Element.isDisplayed(Element.java:76)
	at wdframework.webelements.Element.isDisplayed(Element.java:76)
	at wdframework.webelements.Element.isDisplayed(Element.java:76)
	at wdframework.webelements.Element.isDisplayed(Element.java:76)
	at wdframework.webelements.Element.isDisplayed(Element.java:76)
	at wdframework.webelements.Element.isDisplayed(Element.java:76)
	at wdframework.webelements.Element.isDisplayed(Element.java:76)
	at wdframework.webelements.Element.isDisplayed(Element.java:76)
	at wdframework.webelements.Element.isDisplayed(Element.java:76)
	at wdframework.webelements.Element.isDisplayed(Element.java:76)
	at wdframework.webelements.Element.isDisplayed(Element.java:76)
	at wdframework.webelements.Element.isDisplayed(Element.java:76)
	at wdframework.webelements.Element.isDisplayed(Element.java:76)
	at wdframework.webelements.Element.isDisplayed(Element.java:76)
	at wdframework.webelements.Element.isDisplayed(Element.java:76)
	at wdframework.webelements.Element.isDisplayed(Element.java:76)
	at wdframework.webelements.Element.isDisplayed(Element.java:76)
	at wdframework.webelements.Element.isDisplayed(Element.java:76)
	at wdframework.webelements.Element.isDisplayed(Element.java:76)
	at wdframework.webelements.Element.isDisplayed(Element.java:76)
	at wdframework.webelements.Element.isDisplayed(Element.java:76)
	at wdframework.webelements.Element.isDisplayed(Element.java:76)
	at wdframework.webelements.Element.isDisplayed(Element.java:76)
	at wdframework.webelements.Element.isDisplayed(Element.java:76)
	at wdframework.webelements.Element.isDisplayed(Element.java:76)
	at wdframework.webelements.Element.isDisplayed(Element.java:76)
	at wdframework.webelements.Element.isDisplayed(Element.java:76)
	at wdframework.webelements.Element.isDisplayed(Element.java:76)
	at wdframework.webelements.Element.isDisplayed(Element.java:76)
	at wdframework.webelements.Element.isDisplayed(Element.java:76)
	at wdframework.webelements.Element.isDisplayed(Element.java:76)
	at wdframework.webelements.Element.isDisplayed(Element.java:76)
	at wdframework.webelements.Element.isDisplayed(Element.java:76)
	at wdframework.webelements.Element.isDisplayed(Element.java:76)
	at wdframework.webelements.Element.isDisplayed(Element.java:76)
	at wdframework.webelements.Element.isDisplayed(Element.java:76)
	at wdframework.webelements.Element.isDisplayed(Element.java:76)
	at wdframework.webelements.Element.isDisplayed(Element.java:76)
	at wdframework.webelements.Element.isDisplayed(Element.java:76)
	at wdframework.webelements.Element.isDisplayed(Element.java:76)
	at wdframework.webelements.Element.isDisplayed(Element.java:76)
	at wdframework.webelements.Element.isDisplayed(Element.java:76)
	at wdframework.webelements.Element.isDisplayed(Element.java:76)
	at wdframework.webelements.Element.isDisplayed(Element.java:76)
	at wdframework.webelements.Element.isDisplayed(Element.java:76)
	at wdframework.webelements.Element.isDisplayed(Element.java:76)
	at wdframework.webelements.Element.isDisplayed(Element.java:76)
	at wdframework.webelements.Element.isDisplayed(Element.java:76)
	at wdframework.webelements.Element.isDisplayed(Element.java:76)
	at wdframework.webelements.Element.isDisplayed(Element.java:76)
	at wdframework.webelements.Element.isDisplayed(Element.java:76)
	at wdframework.webelements.Element.isDisplayed(Element.java:76)
	at wdframework.webelements.Element.isDisplayed(Element.java:76)
	at wdframework.webelements.Element.isDisplayed(Element.java:76)
	at wdframework.webelements.Element.isDisplayed(Element.java:76)
	at wdframework.webelements.Element.isDisplayed(Element.java:76)
	at wdframework.webelements.Element.isDisplayed(Element.java:76)
	at wdframework.webelements.Element.isDisplayed(Element.java:76)
	at wdframework.webelements.Element.isDisplayed(Element.java:76)
	at wdframework.webelements.Element.isDisplayed(Element.java:76)
	at wdframework.webelements.Element.isDisplayed(Element.java:76)
	at wdframework.webelements.Element.isDisplayed(Element.java:76)
	at wdframework.webelements.Element.isDisplayed(Element.java:76)
	at wdframework.webelements.Element.isDisplayed(Element.java:76)
	at wdframework.webelements.Element.isDisplayed(Element.java:76)
	at wdframework.webelements.Element.isDisplayed(Element.java:76)
	at wdframework.webelements.Element.isDisplayed(Element.java:76)
	at wdframework.webelements.Element.isDisplayed(Element.java:76)
	at wdframework.webelements.Element.isDisplayed(Element.java:76)
	at wdframework.webelements.Element.isDisplayed(Element.java:76)
	at wdframework.webelements.Element.isDisplayed(Element.java:76)
	at wdframework.webelements.Element.isDisplayed(Element.java:76)
	at wdframework.webelements.Element.isDisplayed(Element.java:76)
	at wdframework.webelements.Element.isDisplayed(Element.java:76)
	at wdframework.webelements.Element.isDisplayed(Element.java:76)
	at wdframework.webelements.Element.isDisplayed(Element.java:76)
	at wdframework.webelements.Element.isDisplayed(Element.java:76)
	at wdframework.webelements.Element.isDisplayed(Element.java:76)
	at wdframework.webelements.Element.isDisplayed(Element.java:76)
	at wdframework.webelements.Element.isDisplayed(Element.java:76)
	at wdframework.webelements.Element.isDisplayed(Element.java:76)
	at wdframework.webelements.Element.isDisplayed(Element.java:76)
	at wdframework.webelements.Element.isDisplayed(Element.java:76)
	at wdframework.webelements.Element.isDisplayed(Element.java:76)
	at wdframework.webelements.Element.isDisplayed(Element.java:76)
	at wdframework.webelements.Element.isDisplayed(Element.java:76)
	at wdframework.webelements.Element.isDisplayed(Element.java:76)
	at wdframework.webelements.Element.isDisplayed(Element.java:76)
	at wdframework.webelements.Element.isDisplayed(Element.java:76)
	at wdframework.webelements.Element.isDisplayed(Element.java:76)
	at wdframework.webelements.Element.isDisplayed(Element.java:76)
	at wdframework.webelements.Element.isDisplayed(Element.java:76)
	at wdframework.webelements.Element.isDisplayed(Element.java:76)
	at wdframework.webelements.Element.isDisplayed(Element.java:76)
	at wdframework.webelements.Element.isDisplayed(Element.java:76)
	at wdframework.webelements.Element.isDisplayed(Element.java:76)
	at wdframework.webelements.Element.isDisplayed(Element.java:76)
	at wdframework.webelements.Element.isDisplayed(Element.java:76)
	at wdframework.webelements.Element.isDisplayed(Element.java:76)
	at wdframework.webelements.Element.isDisplayed(Element.java:76)
	at wdframework.webelements.Element.isDisplayed(Element.java:76)
	at wdframework.webelements.Element.isDisplayed(Element.java:76)
	at wdframework.webelements.Element.isDisplayed(Element.java:76)
	at wdframework.webelements.Element.isDisplayed(Element.java:76)
	at wdframework.webelements.Element.isDisplayed(Element.java:76)
	at wdframework.webelements.Element.isDisplayed(Element.java:76)
	at wdframework.webelements.Element.isDisplayed(Element.java:76)
	at wdframework.webelements.Element.isDisplayed(Element.java:76)
	at wdframework.webelements.Element.isDisplayed(Element.java:76)
	at wdframework.webelements.Element.isDisplayed(Element.java:76)
	at wdframework.webelements.Element.isDisplayed(Element.java:76)
	at wdframework.webelements.Element.isDisplayed(Element.java:76)
	at wdframework.webelements.Element.isDisplayed(Element.java:76)
	at wdframework.webelements.Element.isDisplayed(Element.java:76)
	at wdframework.webelements.Element.isDisplayed(Element.java:76)
	at wdframework.webelements.Element.isDisplayed(Element.java:76)
	at wdframework.webelements.Element.isDisplayed(Element.java:76)
	at wdframework.webelements.Element.isDisplayed(Element.java:76)
	at wdframework.webelements.Element.isDisplayed(Element.java:76)
	at wdframework.webelements.Element.isDisplayed(Element.java:76)
	at wdframework.webelements.Element.isDisplayed(Element.java:76)
	at wdframework.webelements.Element.isDisplayed(Element.java:76)
	at wdframework.webelements.Element.isDisplayed(Element.java:76)
	at wdframework.webelements.Element.isDisplayed(Element.java:76)
	at wdframework.webelements.Element.isDisplayed(Element.java:76)
	at wdframework.webelements.Element.isDisplayed(Element.java:76)
	at wdframework.webelements.Element.isDisplayed(Element.java:76)
	at wdframework.webelements.Element.isDisplayed(Element.java:76)
	at wdframework.webelements.Element.isDisplayed(Element.java:76)
	at wdframework.webelements.Element.isDisplayed(Element.java:76)
	at wdframework.webelements.Element.isDisplayed(Element.java:76)
	at wdframework.webelements.Element.isDisplayed(Element.java:76)
	at wdframework.webelements.Element.isDisplayed(Element.java:76)
	at wdframework.webelements.Element.isDisplayed(Element.java:76)
	at wdframework.webelements.Element.isDisplayed(Element.java:76)
	at wdframework.webelements.Element.isDisplayed(Element.java:76)
	at wdframework.webelements.Element.isDisplayed(Element.java:76)
	at wdframework.webelements.Element.isDisplayed(Element.java:76)
	at wdframework.webelements.Element.isDisplayed(Element.java:76)
	at wdframework.webelements.Element.isDisplayed(Element.java:76)
	at wdframework.webelements.Element.isDisplayed(Element.java:76)
	at wdframework.webelements.Element.isDisplayed(Element.java:76)
	at wdframework.webelements.Element.isDisplayed(Element.java:76)
	at wdframework.webelements.Element.isDisplayed(Element.java:76)
	at wdframework.webelements.Element.isDisplayed(Element.java:76)
	at wdframework.webelements.Element.isDisplayed(Element.java:76)
	at wdframework.webelements.Element.isDisplayed(Element.java:76)
	at wdframework.webelements.Element.isDisplayed(Element.java:76)
	at wdframework.webelements.Element.isDisplayed(Element.java:76)
	at wdframework.webelements.Element.isDisplayed(Element.java:76)
	at wdframework.webelements.Element.isDisplayed(Element.java:76)
	at wdframework.webelements.Element.isDisplayed(Element.java:76)
	at wdframework.webelements.Element.isDisplayed(Element.java:76)
	at wdframework.webelements.Element.isDisplayed(Element.java:76)
	at wdframework.webelements.Element.isDisplayed(Element.java:76)
	at wdframework.webelements.Element.isDisplayed(Element.java:76)
	at wdframework.webelements.Element.isDisplayed(Element.java:76)
	at wdframework.webelements.Element.isDisplayed(Element.java:76)
	at wdframework.webelements.Element.isDisplayed(Element.java:76)
	at wdframework.webelements.Element.isDisplayed(Element.java:76)
	at wdframework.webelements.Element.isDisplayed(Element.java:76)
	at wdframework.webelements.Element.isDisplayed(Element.java:76)
	at wdframework.webelements.Element.isDisplayed(Element.java:76)
	at wdframework.webelements.Element.isDisplayed(Element.java:76)
	at wdframework.webelements.Element.isDisplayed(Element.java:76)
	at wdframework.webelements.Element.isDisplayed(Element.java:76)
	at wdframework.webelements.Element.isDisplayed(Element.java:76)
	at wdframework.webelements.Element.isDisplayed(Element.java:76)
	at wdframework.webelements.Element.isDisplayed(Element.java:76)
	at wdframework.webelements.Element.isDisplayed(Element.java:76)
	at wdframework.webelements.Element.isDisplayed(Element.java:76)
	at wdframework.webelements.Element.isDisplayed(Element.java:76)
	at wdframework.webelements.Element.isDisplayed(Element.java:76)
	at wdframework.webelements.Element.isDisplayed(Element.java:76)
	at wdframework.webelements.Element.isDisplayed(Element.java:76)
	at wdframework.webelements.Element.isDisplayed(Element.java:76)
	at wdframework.webelements.Element.isDisplayed(Element.java:76)
	at wdframework.webelements.Element.isDisplayed(Element.java:76)
	at wdframework.webelements.Element.isDisplayed(Element.java:76)
	at wdframework.webelements.Element.isDisplayed(Element.java:76)
	at wdframework.webelements.Element.isDisplayed(Element.java:76)
	at wdframework.webelements.Element.isDisplayed(Element.java:76)
	at wdframework.webelements.Element.isDisplayed(Element.java:76)
	at wdframework.webelements.Element.isDisplayed(Element.java:76)
	at wdframework.webelements.Element.isDisplayed(Element.java:76)
	at wdframework.webelements.Element.isDisplayed(Element.java:76)
	at wdframework.webelements.Element.isDisplayed(Element.java:76)
	at wdframework.webelements.Element.isDisplayed(Element.java:76)
	at wdframework.webelements.Element.isDisplayed(Element.java:76)
	at wdframework.webelements.Element.isDisplayed(Element.java:76)
	at wdframework.webelements.Element.isDisplayed(Element.java:76)
	at wdframework.webelements.Element.isDisplayed(Element.java:76)
	at wdframework.webelements.Element.isDisplayed(Element.java:76)
	at wdframework.webelements.Element.isDisplayed(Element.java:76)
	at wdframework.webelements.Element.isDisplayed(Element.java:76)
	at wdframework.webelements.Element.isDisplayed(Element.java:76)
	at wdframework.webelements.Element.isDisplayed(Element.java:76)
	at wdframework.webelements.Element.isDisplayed(Element.java:76)
	at wdframework.webelements.Element.isDisplayed(Element.java:76)
	at wdframework.webelements.Element.isDisplayed(Element.java:76)
	at wdframework.webelements.Element.isDisplayed(Element.java:76)
	at wdframework.webelements.Element.isDisplayed(Element.java:76)
	at wdframework.webelements.Element.isDisplayed(Element.java:76)
	at wdframework.webelements.Element.isDisplayed(Element.java:76)
	at wdframework.webelements.Element.isDisplayed(Element.java:76)
	at wdframework.webelements.Element.isDisplayed(Element.java:76)
	at wdframework.webelements.Element.isDisplayed(Element.java:76)
	at wdframework.webelements.Element.isDisplayed(Element.java:76)
	at wdframework.webelements.Element.isDisplayed(Element.java:76)
	at wdframework.webelements.Element.isDisplayed(Element.java:76)
	at wdframework.webelements.Element.isDisplayed(Element.java:76)
	at wdframework.webelements.Element.isDisplayed(Element.java:76)
	at wdframework.webelements.Element.isDisplayed(Element.java:76)
	at wdframework.webelements.Element.isDisplayed(Element.java:76)
	at wdframework.webelements.Element.isDisplayed(Element.java:76)
	at wdframework.webelements.Element.isDisplayed(Element.java:76)
	at wdframework.webelements.Element.isDisplayed(Element.java:76)
	at wdframework.webelements.Element.isDisplayed(Element.java:76)
	at wdframework.webelements.Element.isDisplayed(Element.java:76)
	at wdframework.webelements.Element.isDisplayed(Element.java:76)
	at wdframework.webelements.Element.isDisplayed(Element.java:76)
	at wdframework.webelements.Element.isDisplayed(Element.java:76)
	at wdframework.webelements.Element.isDisplayed(Element.java:76)
	at wdframework.webelements.Element.isDisplayed(Element.java:76)
	at wdframework.webelements.Element.isDisplayed(Element.java:76)
	at wdframework.webelements.Element.isDisplayed(Element.java:76)
	at wdframework.webelements.Element.isDisplayed(Element.java:76)
	at wdframework.webelements.Element.isDisplayed(Element.java:76)
	at wdframework.webelements.Element.isDisplayed(Element.java:76)
	at wdframework.webelements.Element.isDisplayed(Element.java:76)
	at wdframework.webelements.Element.isDisplayed(Element.java:76)
	at wdframework.webelements.Element.isDisplayed(Element.java:76)
	at wdframework.webelements.Element.isDisplayed(Element.java:76)
	at wdframework.webelements.Element.isDisplayed(Element.java:76)
	at wdframework.webelements.Element.isDisplayed(Element.java:76)
	at wdframework.webelements.Element.isDisplayed(Element.java:76)
	at wdframework.webelements.Element.isDisplayed(Element.java:76)
	at wdframework.webelements.Element.isDisplayed(Element.java:76)
	at wdframework.webelements.Element.isDisplayed(Element.java:76)
	at wdframework.webelements.Element.isDisplayed(Element.java:76)
	at wdframework.webelements.Element.isDisplayed(Element.java:76)
	at wdframework.webelements.Element.isDisplayed(Element.java:76)
	at wdframework.webelements.Element.isDisplayed(Element.java:76)
	at wdframework.webelements.Element.isDisplayed(Element.java:76)
	at wdframework.webelements.Element.isDisplayed(Element.java:76)
	at wdframework.webelements.Element.isDisplayed(Element.java:76)
	at wdframework.webelements.Element.isDisplayed(Element.java:76)
	at wdframework.webelements.Element.isDisplayed(Element.java:76)
	at wdframework.webelements.Element.isDisplayed(Element.java:76)
	at wdframework.webelements.Element.isDisplayed(Element.java:76)
	at wdframework.webelements.Element.isDisplayed(Element.java:76)
	at wdframework.webelements.Element.isDisplayed(Element.java:76)
	at wdframework.webelements.Element.isDisplayed(Element.java:76)
	at wdframework.webelements.Element.isDisplayed(Element.java:76)
	at wdframework.webelements.Element.isDisplayed(Element.java:76)
	at wdframework.webelements.Element.isDisplayed(Element.java:76)
	at wdframework.webelements.Element.isDisplayed(Element.java:76)
	at wdframework.webelements.Element.isDisplayed(Element.java:76)
	at wdframework.webelements.Element.isDisplayed(Element.java:76)
	at wdframework.webelements.Element.isDisplayed(Element.java:76)
	at wdframework.webelements.Element.isDisplayed(Element.java:76)
	at wdframework.webelements.Element.isDisplayed(Element.java:76)
	at wdframework.webelements.Element.isDisplayed(Element.java:76)
	at wdframework.webelements.Element.isDisplayed(Element.java:76)
	at wdframework.webelements.Element.isDisplayed(Element.java:76)
	at wdframework.webelements.Element.isDisplayed(Element.java:76)
	at wdframework.webelements.Element.isDisplayed(Element.java:76)
	at wdframework.webelements.Element.isDisplayed(Element.java:76)
	at wdframework.webelements.Element.isDisplayed(Element.java:76)
	at wdframework.webelements.Element.isDisplayed(Element.java:76)
	at wdframework.webelements.Element.isDisplayed(Element.java:76)
	at wdframework.webelements.Element.isDisplayed(Element.java:76)
	at wdframework.webelements.Element.isDisplayed(Element.java:76)
	at wdframework.webelements.Element.isDisplayed(Element.java:76)
	at wdframework.webelements.Element.isDisplayed(Element.java:76)
	at wdframework.webelements.Element.isDisplayed(Element.java:76)
	at wdframework.webelements.Element.isDisplayed(Element.java:76)
	at wdframework.webelements.Element.isDisplayed(Element.java:76)
	at wdframework.webelements.Element.isDisplayed(Element.java:76)
	at wdframework.webelements.Element.isDisplayed(Element.java:76)
	at wdframework.webelements.Element.isDisplayed(Element.java:76)
	at wdframework.webelements.Element.isDisplayed(Element.java:76)
	at wdframework.webelements.Element.isDisplayed(Element.java:76)
	at wdframework.webelements.Element.isDisplayed(Element.java:76)
	at wdframework.webelements.Element.isDisplayed(Element.java:76)
	at wdframework.webelements.Element.isDisplayed(Element.java:76)
	at wdframework.webelements.Element.isDisplayed(Element.java:76)
	at wdframework.webelements.Element.isDisplayed(Element.java:76)
	at wdframework.webelements.Element.isDisplayed(Element.java:76)
	at wdframework.webelements.Element.isDisplayed(Element.java:76)
	at wdframework.webelements.Element.isDisplayed(Element.java:76)
	at wdframework.webelements.Element.isDisplayed(Element.java:76)
	at wdframework.webelements.Element.isDisplayed(Element.java:76)
	at wdframework.webelements.Element.isDisplayed(Element.java:76)
	at wdframework.webelements.Element.isDisplayed(Element.java:76)
	at wdframework.webelements.Element.isDisplayed(Element.java:76)
	at wdframework.webelements.Element.isDisplayed(Element.java:76)
	at wdframework.webelements.Element.isDisplayed(Element.java:76)
	at wdframework.webelements.Element.isDisplayed(Element.java:76)
	at wdframework.webelements.Element.isDisplayed(Element.java:76)
	at wdframework.webelements.Element.isDisplayed(Element.java:76)
	at wdframework.webelements.Element.isDisplayed(Element.java:76)
	at wdframework.webelements.Element.isDisplayed(Element.java:76)
	at wdframework.webelements.Element.isDisplayed(Element.java:76)
	at wdframework.webelements.Element.isDisplayed(Element.java:76)
	at wdframework.webelements.Element.isDisplayed(Element.java:76)
	at wdframework.webelements.Element.isDisplayed(Element.java:76)
	at wdframework.webelements.Element.isDisplayed(Element.java:76)
	at wdframework.webelements.Element.isDisplayed(Element.java:76)
	at wdframework.webelements.Element.isDisplayed(Element.java:76)
	at wdframework.webelements.Element.isDisplayed(Element.java:76)
	at wdframework.webelements.Element.isDisplayed(Element.java:76)
	at wdframework.webelements.Element.isDisplayed(Element.java:76)
	at wdframework.webelements.Element.isDisplayed(Element.java:76)
	at wdframework.webelements.Element.isDisplayed(Element.java:76)
	at wdframework.webelements.Element.isDisplayed(Element.java:76)
	at wdframework.webelements.Element.isDisplayed(Element.java:76)
	at wdframework.webelements.Element.isDisplayed(Element.java:76)
	at wdframework.webelements.Element.isDisplayed(Element.java:76)
	at wdframework.webelements.Element.isDisplayed(Element.java:76)
	at wdframework.webelements.Element.isDisplayed(Element.java:76)
	at wdframework.webelements.Element.isDisplayed(Element.java:76)
	at wdframework.webelements.Element.isDisplayed(Element.java:76)
	at wdframework.webelements.Element.isDisplayed(Element.java:76)
	at wdframework.webelements.Element.isDisplayed(Element.java:76)
	at wdframework.webelements.Element.isDisplayed(Element.java:76)
	at wdframework.webelements.Element.isDisplayed(Element.java:76)
	at wdframework.webelements.Element.isDisplayed(Element.java:76)
	at wdframework.webelements.Element.isDisplayed(Element.java:76)
	at wdframework.webelements.Element.isDisplayed(Element.java:76)
	at wdframework.webelements.Element.isDisplayed(Element.java:76)
	at wdframework.webelements.Element.isDisplayed(Element.java:76)
	at wdframework.webelements.Element.isDisplayed(Element.java:76)
	at wdframework.webelements.Element.isDisplayed(Element.java:76)
	at wdframework.webelements.Element.isDisplayed(Element.java:76)
	at wdframework.webelements.Element.isDisplayed(Element.java:76)
	at wdframework.webelements.Element.isDisplayed(Element.java:76)
	at wdframework.webelements.Element.isDisplayed(Element.java:76)
	at wdframework.webelements.Element.isDisplayed(Element.java:76)
	at wdframework.webelements.Element.isDisplayed(Element.java:76)
	at wdframework.webelements.Element.isDisplayed(Element.java:76)
	at wdframework.webelements.Element.isDisplayed(Element.java:76)
	at wdframework.webelements.Element.isDisplayed(Element.java:76)
	at wdframework.webelements.Element.isDisplayed(Element.java:76)
	at wdframework.webelements.Element.isDisplayed(Element.java:76)
	at wdframework.webelements.Element.isDisplayed(Element.java:76)
	at wdframework.webelements.Element.isDisplayed(Element.java:76)
	at wdframework.webelements.Element.isDisplayed(Element.java:76)
	at wdframework.webelements.Element.isDisplayed(Element.java:76)
	at wdframework.webelements.Element.isDisplayed(Element.java:76)
	at wdframework.webelements.Element.isDisplayed(Element.java:76)
	at wdframework.webelements.Element.isDisplayed(Element.java:76)
	at wdframework.webelements.Element.isDisplayed(Element.java:76)
	at wdframework.webelements.Element.isDisplayed(Element.java:76)
	at wdframework.webelements.Element.isDisplayed(Element.java:76)
	at wdframework.webelements.Element.isDisplayed(Element.java:76)
	at wdframework.webelements.Element.isDisplayed(Element.java:76)
	at wdframework.webelements.Element.isDisplayed(Element.java:76)
	at wdframework.webelements.Element.isDisplayed(Element.java:76)
	at wdframework.webelements.Element.isDisplayed(Element.java:76)
	at wdframework.webelements.Element.isDisplayed(Element.java:76)
	at wdframework.webelements.Element.isDisplayed(Element.java:76)
	at wdframework.webelements.Element.isDisplayed(Element.java:76)
	at wdframework.webelements.Element.isDisplayed(Element.java:76)
	at wdframework.webelements.Element.isDisplayed(Element.java:76)
	at wdframework.webelements.Element.isDisplayed(Element.java:76)
	at wdframework.webelements.Element.isDisplayed(Element.java:76)
	at wdframework.webelements.Element.isDisplayed(Element.java:76)
	at wdframework.webelements.Element.isDisplayed(Element.java:76)
	at wdframework.webelements.Element.isDisplayed(Element.java:76)
	at wdframework.webelements.Element.isDisplayed(Element.java:76)
	at wdframework.webelements.Element.isDisplayed(Element.java:76)
	at wdframework.webelements.Element.isDisplayed(Element.java:76)
	at wdframework.webelements.Element.isDisplayed(Element.java:76)
	at wdframework.webelements.Element.isDisplayed(Element.java:76)
	at wdframework.webelements.Element.isDisplayed(Element.java:76)
	at wdframework.webelements.Element.isDisplayed(Element.java:76)
	at wdframework.webelements.Element.isDisplayed(Element.java:76)
	at wdframework.webelements.Element.isDisplayed(Element.java:76)
	at wdframework.webelements.Element.isDisplayed(Element.java:76)
	at wdframework.webelements.Element.isDisplayed(Element.java:76)
	at wdframework.webelements.Element.isDisplayed(Element.java:76)
	at wdframework.webelements.Element.isDisplayed(Element.java:76)
	at wdframework.webelements.Element.isDisplayed(Element.java:76)
	at wdframework.webelements.Element.isDisplayed(Element.java:76)
	at wdframework.webelements.Element.isDisplayed(Element.java:76)
	at wdframework.webelements.Element.isDisplayed(Element.java:76)
	at wdframework.webelements.Element.isDisplayed(Element.java:76)
	at wdframework.webelements.Element.isDisplayed(Element.java:76)
	at wdframework.webelements.Element.isDisplayed(Element.java:76)
	at wdframework.webelements.Element.isDisplayed(Element.java:76)
	at wdframework.webelements.Element.isDisplayed(Element.java:76)
	at wdframework.webelements.Element.isDisplayed(Element.java:76)
	at wdframework.webelements.Element.isDisplayed(Element.java:76)
	at wdframework.webelements.Element.isDisplayed(Element.java:76)
	at wdframework.webelements.Element.isDisplayed(Element.java:76)
	at wdframework.webelements.Element.isDisplayed(Element.java:76)
	at wdframework.webelements.Element.isDisplayed(Element.java:76)
	at wdframework.webelements.Element.isDisplayed(Element.java:76)
	at wdframework.webelements.Element.isDisplayed(Element.java:76)
	at wdframework.webelements.Element.isDisplayed(Element.java:76)
	at wdframework.webelements.Element.isDisplayed(Element.java:76)
	at wdframework.webelements.Element.isDisplayed(Element.java:76)
	at wdframework.webelements.Element.isDisplayed(Element.java:76)
	at wdframework.webelements.Element.isDisplayed(Element.java:76)
	at wdframework.webelements.Element.isDisplayed(Element.java:76)
	at wdframework.webelements.Element.isDisplayed(Element.java:76)
	at wdframework.webelements.Element.isDisplayed(Element.java:76)
	at wdframework.webelements.Element.isDisplayed(Element.java:76)
	at wdframework.webelements.Element.isDisplayed(Element.java:76)
	at wdframework.webelements.Element.isDisplayed(Element.java:76)
	at wdframework.webelements.Element.isDisplayed(Element.java:76)
	at wdframework.webelements.Element.isDisplayed(Element.java:76)
	at wdframework.webelements.Element.isDisplayed(Element.java:76)
	at wdframework.webelements.Element.isDisplayed(Element.java:76)
	at wdframework.webelements.Element.isDisplayed(Element.java:76)
	at wdframework.webelements.Element.isDisplayed(Element.java:76)
	at wdframework.webelements.Element.isDisplayed(Element.java:76)
	at wdframework.webelements.Element.isDisplayed(Element.java:76)
	at wdframework.webelements.Element.isDisplayed(Element.java:76)
	at wdframework.webelements.Element.isDisplayed(Element.java:76)
	at wdframework.webelements.Element.isDisplayed(Element.java:76)
	at wdframework.webelements.Element.isDisplayed(Element.java:76)
	at wdframework.webelements.Element.isDisplayed(Element.java:76)
	at wdframework.webelements.Element.isDisplayed(Element.java:76)
	at wdframework.webelements.Element.isDisplayed(Element.java:76)
	at wdframework.webelements.Element.isDisplayed(Element.java:76)
	at wdframework.webelements.Element.isDisplayed(Element.java:76)
	at wdframework.webelements.Element.isDisplayed(Element.java:76)
	at wdframework.webelements.Element.isDisplayed(Element.java:76)
	at wdframework.webelements.Element.isDisplayed(Element.java:76)
	at wdframework.webelements.Element.isDisplayed(Element.java:76)
	at wdframework.webelements.Element.isDisplayed(Element.java:76)
	at wdframework.webelements.Element.isDisplayed(Element.java:76)
	at wdframework.webelements.Element.isDisplayed(Element.java:76)
	at wdframework.webelements.Element.isDisplayed(Element.java:76)
	at wdframework.webelements.Element.isDisplayed(Element.java:76)
	at wdframework.webelements.Element.isDisplayed(Element.java:76)
	at wdframework.webelements.Element.isDisplayed(Element.java:76)
	at wdframework.webelements.Element.isDisplayed(Element.java:76)
	at wdframework.webelements.Element.isDisplayed(Element.java:76)
	at wdframework.webelements.Element.isDisplayed(Element.java:76)
	at wdframework.webelements.Element.isDisplayed(Element.java:76)
	at wdframework.webelements.Element.isDisplayed(Element.java:76)
	at wdframework.webelements.Element.isDisplayed(Element.java:76)
	at wdframework.webelements.Element.isDisplayed(Element.java:76)
	at wdframework.webelements.Element.isDisplayed(Element.java:76)
	at wdframework.webelements.Element.isDisplayed(Element.java:76)
	at wdframework.webelements.Element.isDisplayed(Element.java:76)
	at wdframework.webelements.Element.isDisplayed(Element.java:76)
	at wdframework.webelements.Element.isDisplayed(Element.java:76)
	at wdframework.webelements.Element.isDisplayed(Element.java:76)
	at wdframework.webelements.Element.isDisplayed(Element.java:76)
	at wdframework.webelements.Element.isDisplayed(Element.java:76)
	at wdframework.webelements.Element.isDisplayed(Element.java:76)
	at wdframework.webelements.Element.isDisplayed(Element.java:76)
	at wdframework.webelements.Element.isDisplayed(Element.java:76)
	at wdframework.webelements.Element.isDisplayed(Element.java:76)
	at wdframework.webelements.Element.isDisplayed(Element.java:76)
	at wdframework.webelements.Element.isDisplayed(Element.java:76)
	at wdframework.webelements.Element.isDisplayed(Element.java:76)
	at wdframework.webelements.Element.isDisplayed(Element.java:76)
	at wdframework.webelements.Element.isDisplayed(Element.java:76)
]]>
    </failure>
  </testcase> <!-- TestGoogle2 -->
  <testcase name="TestGoogle3" time="0.059" classname="wdframework.tests.SampleTest">
    <failure type="java.lang.StackOverflowError">
      <![CDATA[java.lang.StackOverflowError
	at wdframework.webelements.Element.isDisplayed(Element.java:76)
	at wdframework.webelements.Element.isDisplayed(Element.java:76)
	at wdframework.webelements.Element.isDisplayed(Element.java:76)
	at wdframework.webelements.Element.isDisplayed(Element.java:76)
	at wdframework.webelements.Element.isDisplayed(Element.java:76)
	at wdframework.webelements.Element.isDisplayed(Element.java:76)
	at wdframework.webelements.Element.isDisplayed(Element.java:76)
	at wdframework.webelements.Element.isDisplayed(Element.java:76)
	at wdframework.webelements.Element.isDisplayed(Element.java:76)
	at wdframework.webelements.Element.isDisplayed(Element.java:76)
	at wdframework.webelements.Element.isDisplayed(Element.java:76)
	at wdframework.webelements.Element.isDisplayed(Element.java:76)
	at wdframework.webelements.Element.isDisplayed(Element.java:76)
	at wdframework.webelements.Element.isDisplayed(Element.java:76)
	at wdframework.webelements.Element.isDisplayed(Element.java:76)
	at wdframework.webelements.Element.isDisplayed(Element.java:76)
	at wdframework.webelements.Element.isDisplayed(Element.java:76)
	at wdframework.webelements.Element.isDisplayed(Element.java:76)
	at wdframework.webelements.Element.isDisplayed(Element.java:76)
	at wdframework.webelements.Element.isDisplayed(Element.java:76)
	at wdframework.webelements.Element.isDisplayed(Element.java:76)
	at wdframework.webelements.Element.isDisplayed(Element.java:76)
	at wdframework.webelements.Element.isDisplayed(Element.java:76)
	at wdframework.webelements.Element.isDisplayed(Element.java:76)
	at wdframework.webelements.Element.isDisplayed(Element.java:76)
	at wdframework.webelements.Element.isDisplayed(Element.java:76)
	at wdframework.webelements.Element.isDisplayed(Element.java:76)
	at wdframework.webelements.Element.isDisplayed(Element.java:76)
	at wdframework.webelements.Element.isDisplayed(Element.java:76)
	at wdframework.webelements.Element.isDisplayed(Element.java:76)
	at wdframework.webelements.Element.isDisplayed(Element.java:76)
	at wdframework.webelements.Element.isDisplayed(Element.java:76)
	at wdframework.webelements.Element.isDisplayed(Element.java:76)
	at wdframework.webelements.Element.isDisplayed(Element.java:76)
	at wdframework.webelements.Element.isDisplayed(Element.java:76)
	at wdframework.webelements.Element.isDisplayed(Element.java:76)
	at wdframework.webelements.Element.isDisplayed(Element.java:76)
	at wdframework.webelements.Element.isDisplayed(Element.java:76)
	at wdframework.webelements.Element.isDisplayed(Element.java:76)
	at wdframework.webelements.Element.isDisplayed(Element.java:76)
	at wdframework.webelements.Element.isDisplayed(Element.java:76)
	at wdframework.webelements.Element.isDisplayed(Element.java:76)
	at wdframework.webelements.Element.isDisplayed(Element.java:76)
	at wdframework.webelements.Element.isDisplayed(Element.java:76)
	at wdframework.webelements.Element.isDisplayed(Element.java:76)
	at wdframework.webelements.Element.isDisplayed(Element.java:76)
	at wdframework.webelements.Element.isDisplayed(Element.java:76)
	at wdframework.webelements.Element.isDisplayed(Element.java:76)
	at wdframework.webelements.Element.isDisplayed(Element.java:76)
	at wdframework.webelements.Element.isDisplayed(Element.java:76)
	at wdframework.webelements.Element.isDisplayed(Element.java:76)
	at wdframework.webelements.Element.isDisplayed(Element.java:76)
	at wdframework.webelements.Element.isDisplayed(Element.java:76)
	at wdframework.webelements.Element.isDisplayed(Element.java:76)
	at wdframework.webelements.Element.isDisplayed(Element.java:76)
	at wdframework.webelements.Element.isDisplayed(Element.java:76)
	at wdframework.webelements.Element.isDisplayed(Element.java:76)
	at wdframework.webelements.Element.isDisplayed(Element.java:76)
	at wdframework.webelements.Element.isDisplayed(Element.java:76)
	at wdframework.webelements.Element.isDisplayed(Element.java:76)
	at wdframework.webelements.Element.isDisplayed(Element.java:76)
	at wdframework.webelements.Element.isDisplayed(Element.java:76)
	at wdframework.webelements.Element.isDisplayed(Element.java:76)
	at wdframework.webelements.Element.isDisplayed(Element.java:76)
	at wdframework.webelements.Element.isDisplayed(Element.java:76)
	at wdframework.webelements.Element.isDisplayed(Element.java:76)
	at wdframework.webelements.Element.isDisplayed(Element.java:76)
	at wdframework.webelements.Element.isDisplayed(Element.java:76)
	at wdframework.webelements.Element.isDisplayed(Element.java:76)
	at wdframework.webelements.Element.isDisplayed(Element.java:76)
	at wdframework.webelements.Element.isDisplayed(Element.java:76)
	at wdframework.webelements.Element.isDisplayed(Element.java:76)
	at wdframework.webelements.Element.isDisplayed(Element.java:76)
	at wdframework.webelements.Element.isDisplayed(Element.java:76)
	at wdframework.webelements.Element.isDisplayed(Element.java:76)
	at wdframework.webelements.Element.isDisplayed(Element.java:76)
	at wdframework.webelements.Element.isDisplayed(Element.java:76)
	at wdframework.webelements.Element.isDisplayed(Element.java:76)
	at wdframework.webelements.Element.isDisplayed(Element.java:76)
	at wdframework.webelements.Element.isDisplayed(Element.java:76)
	at wdframework.webelements.Element.isDisplayed(Element.java:76)
	at wdframework.webelements.Element.isDisplayed(Element.java:76)
	at wdframework.webelements.Element.isDisplayed(Element.java:76)
	at wdframework.webelements.Element.isDisplayed(Element.java:76)
	at wdframework.webelements.Element.isDisplayed(Element.java:76)
	at wdframework.webelements.Element.isDisplayed(Element.java:76)
	at wdframework.webelements.Element.isDisplayed(Element.java:76)
	at wdframework.webelements.Element.isDisplayed(Element.java:76)
	at wdframework.webelements.Element.isDisplayed(Element.java:76)
	at wdframework.webelements.Element.isDisplayed(Element.java:76)
	at wdframework.webelements.Element.isDisplayed(Element.java:76)
	at wdframework.webelements.Element.isDisplayed(Element.java:76)
	at wdframework.webelements.Element.isDisplayed(Element.java:76)
	at wdframework.webelements.Element.isDisplayed(Element.java:76)
	at wdframework.webelements.Element.isDisplayed(Element.java:76)
	at wdframework.webelements.Element.isDisplayed(Element.java:76)
	at wdframework.webelements.Element.isDisplayed(Element.java:76)
	at wdframework.webelements.Element.isDisplayed(Element.java:76)
	at wdframework.webelements.Element.isDisplayed(Element.java:76)
	at wdframework.webelements.Element.isDisplayed(Element.java:76)
	at wdframework.webelements.Element.isDisplayed(Element.java:76)
	at wdframework.webelements.Element.isDisplayed(Element.java:76)
	at wdframework.webelements.Element.isDisplayed(Element.java:76)
	at wdframework.webelements.Element.isDisplayed(Element.java:76)
	at wdframework.webelements.Element.isDisplayed(Element.java:76)
	at wdframework.webelements.Element.isDisplayed(Element.java:76)
	at wdframework.webelements.Element.isDisplayed(Element.java:76)
	at wdframework.webelements.Element.isDisplayed(Element.java:76)
	at wdframework.webelements.Element.isDisplayed(Element.java:76)
	at wdframework.webelements.Element.isDisplayed(Element.java:76)
	at wdframework.webelements.Element.isDisplayed(Element.java:76)
	at wdframework.webelements.Element.isDisplayed(Element.java:76)
	at wdframework.webelements.Element.isDisplayed(Element.java:76)
	at wdframework.webelements.Element.isDisplayed(Element.java:76)
	at wdframework.webelements.Element.isDisplayed(Element.java:76)
	at wdframework.webelements.Element.isDisplayed(Element.java:76)
	at wdframework.webelements.Element.isDisplayed(Element.java:76)
	at wdframework.webelements.Element.isDisplayed(Element.java:76)
	at wdframework.webelements.Element.isDisplayed(Element.java:76)
	at wdframework.webelements.Element.isDisplayed(Element.java:76)
	at wdframework.webelements.Element.isDisplayed(Element.java:76)
	at wdframework.webelements.Element.isDisplayed(Element.java:76)
	at wdframework.webelements.Element.isDisplayed(Element.java:76)
	at wdframework.webelements.Element.isDisplayed(Element.java:76)
	at wdframework.webelements.Element.isDisplayed(Element.java:76)
	at wdframework.webelements.Element.isDisplayed(Element.java:76)
	at wdframework.webelements.Element.isDisplayed(Element.java:76)
	at wdframework.webelements.Element.isDisplayed(Element.java:76)
	at wdframework.webelements.Element.isDisplayed(Element.java:76)
	at wdframework.webelements.Element.isDisplayed(Element.java:76)
	at wdframework.webelements.Element.isDisplayed(Element.java:76)
	at wdframework.webelements.Element.isDisplayed(Element.java:76)
	at wdframework.webelements.Element.isDisplayed(Element.java:76)
	at wdframework.webelements.Element.isDisplayed(Element.java:76)
	at wdframework.webelements.Element.isDisplayed(Element.java:76)
	at wdframework.webelements.Element.isDisplayed(Element.java:76)
	at wdframework.webelements.Element.isDisplayed(Element.java:76)
	at wdframework.webelements.Element.isDisplayed(Element.java:76)
	at wdframework.webelements.Element.isDisplayed(Element.java:76)
	at wdframework.webelements.Element.isDisplayed(Element.java:76)
	at wdframework.webelements.Element.isDisplayed(Element.java:76)
	at wdframework.webelements.Element.isDisplayed(Element.java:76)
	at wdframework.webelements.Element.isDisplayed(Element.java:76)
	at wdframework.webelements.Element.isDisplayed(Element.java:76)
	at wdframework.webelements.Element.isDisplayed(Element.java:76)
	at wdframework.webelements.Element.isDisplayed(Element.java:76)
	at wdframework.webelements.Element.isDisplayed(Element.java:76)
	at wdframework.webelements.Element.isDisplayed(Element.java:76)
	at wdframework.webelements.Element.isDisplayed(Element.java:76)
	at wdframework.webelements.Element.isDisplayed(Element.java:76)
	at wdframework.webelements.Element.isDisplayed(Element.java:76)
	at wdframework.webelements.Element.isDisplayed(Element.java:76)
	at wdframework.webelements.Element.isDisplayed(Element.java:76)
	at wdframework.webelements.Element.isDisplayed(Element.java:76)
	at wdframework.webelements.Element.isDisplayed(Element.java:76)
	at wdframework.webelements.Element.isDisplayed(Element.java:76)
	at wdframework.webelements.Element.isDisplayed(Element.java:76)
	at wdframework.webelements.Element.isDisplayed(Element.java:76)
	at wdframework.webelements.Element.isDisplayed(Element.java:76)
	at wdframework.webelements.Element.isDisplayed(Element.java:76)
	at wdframework.webelements.Element.isDisplayed(Element.java:76)
	at wdframework.webelements.Element.isDisplayed(Element.java:76)
	at wdframework.webelements.Element.isDisplayed(Element.java:76)
	at wdframework.webelements.Element.isDisplayed(Element.java:76)
	at wdframework.webelements.Element.isDisplayed(Element.java:76)
	at wdframework.webelements.Element.isDisplayed(Element.java:76)
	at wdframework.webelements.Element.isDisplayed(Element.java:76)
	at wdframework.webelements.Element.isDisplayed(Element.java:76)
	at wdframework.webelements.Element.isDisplayed(Element.java:76)
	at wdframework.webelements.Element.isDisplayed(Element.java:76)
	at wdframework.webelements.Element.isDisplayed(Element.java:76)
	at wdframework.webelements.Element.isDisplayed(Element.java:76)
	at wdframework.webelements.Element.isDisplayed(Element.java:76)
	at wdframework.webelements.Element.isDisplayed(Element.java:76)
	at wdframework.webelements.Element.isDisplayed(Element.java:76)
	at wdframework.webelements.Element.isDisplayed(Element.java:76)
	at wdframework.webelements.Element.isDisplayed(Element.java:76)
	at wdframework.webelements.Element.isDisplayed(Element.java:76)
	at wdframework.webelements.Element.isDisplayed(Element.java:76)
	at wdframework.webelements.Element.isDisplayed(Element.java:76)
	at wdframework.webelements.Element.isDisplayed(Element.java:76)
	at wdframework.webelements.Element.isDisplayed(Element.java:76)
	at wdframework.webelements.Element.isDisplayed(Element.java:76)
	at wdframework.webelements.Element.isDisplayed(Element.java:76)
	at wdframework.webelements.Element.isDisplayed(Element.java:76)
	at wdframework.webelements.Element.isDisplayed(Element.java:76)
	at wdframework.webelements.Element.isDisplayed(Element.java:76)
	at wdframework.webelements.Element.isDisplayed(Element.java:76)
	at wdframework.webelements.Element.isDisplayed(Element.java:76)
	at wdframework.webelements.Element.isDisplayed(Element.java:76)
	at wdframework.webelements.Element.isDisplayed(Element.java:76)
	at wdframework.webelements.Element.isDisplayed(Element.java:76)
	at wdframework.webelements.Element.isDisplayed(Element.java:76)
	at wdframework.webelements.Element.isDisplayed(Element.java:76)
	at wdframework.webelements.Element.isDisplayed(Element.java:76)
	at wdframework.webelements.Element.isDisplayed(Element.java:76)
[...]
	at wdframework.webelements.Element.isDisplayed(Element.java:76)
	at wdframework.webelements.Element.isDisplayed(Element.java:76)
	at wdframework.webelements.Element.isDisplayed(Element.java:76)
	at wdframework.webelements.Element.isDisplayed(Element.java:76)
	at wdframework.webelements.Element.isDisplayed(Element.java:76)
	at wdframework.webelements.Element.isDisplayed(Element.java:76)
	at wdframework.webelements.Element.isDisplayed(Element.java:76)
	at wdframework.webelements.Element.isDisplayed(Element.java:76)
	at wdframework.webelements.Element.isDisplayed(Element.java:76)
	at wdframework.webelements.Element.isDisplayed(Element.java:76)
	at wdframework.webelements.Element.isDisplayed(Element.java:76)
	at wdframework.webelements.Element.isDisplayed(Element.java:76)
	at wdframework.webelements.Element.isDisplayed(Element.java:76)
	at wdframework.webelements.Element.isDisplayed(Element.java:76)
	at wdframework.webelements.Element.isDisplayed(Element.java:76)
	at wdframework.webelements.Element.isDisplayed(Element.java:76)
	at wdframework.webelements.Element.isDisplayed(Element.java:76)
	at wdframework.webelements.Element.isDisplayed(Element.java:76)
	at wdframework.webelements.Element.isDisplayed(Element.java:76)
	at wdframework.webelements.Element.isDisplayed(Element.java:76)
	at wdframework.webelements.Element.isDisplayed(Element.java:76)
	at wdframework.webelements.Element.isDisplayed(Element.java:76)
	at wdframework.webelements.Element.isDisplayed(Element.java:76)
	at wdframework.webelements.Element.isDisplayed(Element.java:76)
	at wdframework.webelements.Element.isDisplayed(Element.java:76)
	at wdframework.webelements.Element.isDisplayed(Element.java:76)
	at wdframework.webelements.Element.isDisplayed(Element.java:76)
	at wdframework.webelements.Element.isDisplayed(Element.java:76)
	at wdframework.webelements.Element.isDisplayed(Element.java:76)
	at wdframework.webelements.Element.isDisplayed(Element.java:76)
	at wdframework.webelements.Element.isDisplayed(Element.java:76)
	at wdframework.webelements.Element.isDisplayed(Element.java:76)
	at wdframework.webelements.Element.isDisplayed(Element.java:76)
	at wdframework.webelements.Element.isDisplayed(Element.java:76)
	at wdframework.webelements.Element.isDisplayed(Element.java:76)
	at wdframework.webelements.Element.isDisplayed(Element.java:76)
	at wdframework.webelements.Element.isDisplayed(Element.java:76)
	at wdframework.webelements.Element.isDisplayed(Element.java:76)
	at wdframework.webelements.Element.isDisplayed(Element.java:76)
	at wdframework.webelements.Element.isDisplayed(Element.java:76)
	at wdframework.webelements.Element.isDisplayed(Element.java:76)
	at wdframework.webelements.Element.isDisplayed(Element.java:76)
	at wdframework.webelements.Element.isDisplayed(Element.java:76)
	at wdframework.webelements.Element.isDisplayed(Element.java:76)
	at wdframework.webelements.Element.isDisplayed(Element.java:76)
	at wdframework.webelements.Element.isDisplayed(Element.java:76)
	at wdframework.webelements.Element.isDisplayed(Element.java:76)
	at wdframework.webelements.Element.isDisplayed(Element.java:76)
	at wdframework.webelements.Element.isDisplayed(Element.java:76)
	at wdframework.webelements.Element.isDisplayed(Element.java:76)
	at wdframework.webelements.Element.isDisplayed(Element.java:76)
	at wdframework.webelements.Element.isDisplayed(Element.java:76)
	at wdframework.webelements.Element.isDisplayed(Element.java:76)
	at wdframework.webelements.Element.isDisplayed(Element.java:76)
	at wdframework.webelements.Element.isDisplayed(Element.java:76)
	at wdframework.webelements.Element.isDisplayed(Element.java:76)
	at wdframework.webelements.Element.isDisplayed(Element.java:76)
	at wdframework.webelements.Element.isDisplayed(Element.java:76)
	at wdframework.webelements.Element.isDisplayed(Element.java:76)
	at wdframework.webelements.Element.isDisplayed(Element.java:76)
	at wdframework.webelements.Element.isDisplayed(Element.java:76)
	at wdframework.webelements.Element.isDisplayed(Element.java:76)
	at wdframework.webelements.Element.isDisplayed(Element.java:76)
	at wdframework.webelements.Element.isDisplayed(Element.java:76)
	at wdframework.webelements.Element.isDisplayed(Element.java:76)
	at wdframework.webelements.Element.isDisplayed(Element.java:76)
	at wdframework.webelements.Element.isDisplayed(Element.java:76)
	at wdframework.webelements.Element.isDisplayed(Element.java:76)
	at wdframework.webelements.Element.isDisplayed(Element.java:76)
	at wdframework.webelements.Element.isDisplayed(Element.java:76)
	at wdframework.webelements.Element.isDisplayed(Element.java:76)
	at wdframework.webelements.Element.isDisplayed(Element.java:76)
	at wdframework.webelements.Element.isDisplayed(Element.java:76)
	at wdframework.webelements.Element.isDisplayed(Element.java:76)
	at wdframework.webelements.Element.isDisplayed(Element.java:76)
	at wdframework.webelements.Element.isDisplayed(Element.java:76)
	at wdframework.webelements.Element.isDisplayed(Element.java:76)
	at wdframework.webelements.Element.isDisplayed(Element.java:76)
	at wdframework.webelements.Element.isDisplayed(Element.java:76)
	at wdframework.webelements.Element.isDisplayed(Element.java:76)
	at wdframework.webelements.Element.isDisplayed(Element.java:76)
	at wdframework.webelements.Element.isDisplayed(Element.java:76)
	at wdframework.webelements.Element.isDisplayed(Element.java:76)
	at wdframework.webelements.Element.isDisplayed(Element.java:76)
	at wdframework.webelements.Element.isDisplayed(Element.java:76)
	at wdframework.webelements.Element.isDisplayed(Element.java:76)
	at wdframework.webelements.Element.isDisplayed(Element.java:76)
	at wdframework.webelements.Element.isDisplayed(Element.java:76)
	at wdframework.webelements.Element.isDisplayed(Element.java:76)
	at wdframework.webelements.Element.isDisplayed(Element.java:76)
	at wdframework.webelements.Element.isDisplayed(Element.java:76)
	at wdframework.webelements.Element.isDisplayed(Element.java:76)
	at wdframework.webelements.Element.isDisplayed(Element.java:76)
	at wdframework.webelements.Element.isDisplayed(Element.java:76)
	at wdframework.webelements.Element.isDisplayed(Element.java:76)
	at wdframework.webelements.Element.isDisplayed(Element.java:76)
	at wdframework.webelements.Element.isDisplayed(Element.java:76)
	at wdframework.webelements.Element.isDisplayed(Element.java:76)
	at wdframework.webelements.Element.isDisplayed(Element.java:76)
	at wdframework.webelements.Element.isDisplayed(Element.java:76)
	at wdframework.webelements.Element.isDisplayed(Element.java:76)
	at wdframework.webelements.Element.isDisplayed(Element.java:76)
	at wdframework.webelements.Element.isDisplayed(Element.java:76)
	at wdframework.webelements.Element.isDisplayed(Element.java:76)
	at wdframework.webelements.Element.isDisplayed(Element.java:76)
	at wdframework.webelements.Element.isDisplayed(Element.java:76)
	at wdframework.webelements.Element.isDisplayed(Element.java:76)
	at wdframework.webelements.Element.isDisplayed(Element.java:76)
	at wdframework.webelements.Element.isDisplayed(Element.java:76)
	at wdframework.webelements.Element.isDisplayed(Element.java:76)
	at wdframework.webelements.Element.isDisplayed(Element.java:76)
	at wdframework.webelements.Element.isDisplayed(Element.java:76)
	at wdframework.webelements.Element.isDisplayed(Element.java:76)
	at wdframework.webelements.Element.isDisplayed(Element.java:76)
	at wdframework.webelements.Element.isDisplayed(Element.java:76)
	at wdframework.webelements.Element.isDisplayed(Element.java:76)
	at wdframework.webelements.Element.isDisplayed(Element.java:76)
	at wdframework.webelements.Element.isDisplayed(Element.java:76)
	at wdframework.webelements.Element.isDisplayed(Element.java:76)
	at wdframework.webelements.Element.isDisplayed(Element.java:76)
	at wdframework.webelements.Element.isDisplayed(Element.java:76)
	at wdframework.webelements.Element.isDisplayed(Element.java:76)
	at wdframework.webelements.Element.isDisplayed(Element.java:76)
	at wdframework.webelements.Element.isDisplayed(Element.java:76)
	at wdframework.webelements.Element.isDisplayed(Element.java:76)
	at wdframework.webelements.Element.isDisplayed(Element.java:76)
	at wdframework.webelements.Element.isDisplayed(Element.java:76)
	at wdframework.webelements.Element.isDisplayed(Element.java:76)
	at wdframework.webelements.Element.isDisplayed(Element.java:76)
	at wdframework.webelements.Element.isDisplayed(Element.java:76)
	at wdframework.webelements.Element.isDisplayed(Element.java:76)
	at wdframework.webelements.Element.isDisplayed(Element.java:76)
	at wdframework.webelements.Element.isDisplayed(Element.java:76)
	at wdframework.webelements.Element.isDisplayed(Element.java:76)
	at wdframework.webelements.Element.isDisplayed(Element.java:76)
	at wdframework.webelements.Element.isDisplayed(Element.java:76)
	at wdframework.webelements.Element.isDisplayed(Element.java:76)
	at wdframework.webelements.Element.isDisplayed(Element.java:76)
	at wdframework.webelements.Element.isDisplayed(Element.java:76)
	at wdframework.webelements.Element.isDisplayed(Element.java:76)
	at wdframework.webelements.Element.isDisplayed(Element.java:76)
	at wdframework.webelements.Element.isDisplayed(Element.java:76)
	at wdframework.webelements.Element.isDisplayed(Element.java:76)
	at wdframework.webelements.Element.isDisplayed(Element.java:76)
	at wdframework.webelements.Element.isDisplayed(Element.java:76)
	at wdframework.webelements.Element.isDisplayed(Element.java:76)
	at wdframework.webelements.Element.isDisplayed(Element.java:76)
	at wdframework.webelements.Element.isDisplayed(Element.java:76)
	at wdframework.webelements.Element.isDisplayed(Element.java:76)
	at wdframework.webelements.Element.isDisplayed(Element.java:76)
	at wdframework.webelements.Element.isDisplayed(Element.java:76)
	at wdframework.webelements.Element.isDisplayed(Element.java:76)
	at wdframework.webelements.Element.isDisplayed(Element.java:76)
	at wdframework.webelements.Element.isDisplayed(Element.java:76)
	at wdframework.webelements.Element.isDisplayed(Element.java:76)
	at wdframework.webelements.Element.isDisplayed(Element.java:76)
	at wdframework.webelements.Element.isDisplayed(Element.java:76)
	at wdframework.webelements.Element.isDisplayed(Element.java:76)
	at wdframework.webelements.Element.isDisplayed(Element.java:76)
	at wdframework.webelements.Element.isDisplayed(Element.java:76)
	at wdframework.webelements.Element.isDisplayed(Element.java:76)
	at wdframework.webelements.Element.isDisplayed(Element.java:76)
	at wdframework.webelements.Element.isDisplayed(Element.java:76)
	at wdframework.webelements.Element.isDisplayed(Element.java:76)
	at wdframework.webelements.Element.isDisplayed(Element.java:76)
	at wdframework.webelements.Element.isDisplayed(Element.java:76)
	at wdframework.webelements.Element.isDisplayed(Element.java:76)
	at wdframework.webelements.Element.isDisplayed(Element.java:76)
	at wdframework.webelements.Element.isDisplayed(Element.java:76)
	at wdframework.webelements.Element.isDisplayed(Element.java:76)
	at wdframework.webelements.Element.isDisplayed(Element.java:76)
	at wdframework.webelements.Element.isDisplayed(Element.java:76)
	at wdframework.webelements.Element.isDisplayed(Element.java:76)
	at wdframework.webelements.Element.isDisplayed(Element.java:76)
	at wdframework.webelements.Element.isDisplayed(Element.java:76)
	at wdframework.webelements.Element.isDisplayed(Element.java:76)
	at wdframework.webelements.Element.isDisplayed(Element.java:76)
	at wdframework.webelements.Element.isDisplayed(Element.java:76)
	at wdframework.webelements.Element.isDisplayed(Element.java:76)
	at wdframework.webelements.Element.isDisplayed(Element.java:76)
	at wdframework.webelements.Element.isDisplayed(Element.java:76)
	at wdframework.webelements.Element.isDisplayed(Element.java:76)
	at wdframework.webelements.Element.isDisplayed(Element.java:76)
	at wdframework.webelements.Element.isDisplayed(Element.java:76)
	at wdframework.webelements.Element.isDisplayed(Element.java:76)
	at wdframework.webelements.Element.isDisplayed(Element.java:76)
	at wdframework.webelements.Element.isDisplayed(Element.java:76)
	at wdframework.webelements.Element.isDisplayed(Element.java:76)
	at wdframework.webelements.Element.isDisplayed(Element.java:76)
	at wdframework.webelements.Element.isDisplayed(Element.java:76)
	at wdframework.webelements.Element.isDisplayed(Element.java:76)
	at wdframework.webelements.Element.isDisplayed(Element.java:76)
	at wdframework.webelements.Element.isDisplayed(Element.java:76)
	at wdframework.webelements.Element.isDisplayed(Element.java:76)
	at wdframework.webelements.Element.isDisplayed(Element.java:76)
	at wdframework.webelements.Element.isDisplayed(Element.java:76)
	at wdframework.webelements.Element.isDisplayed(Element.java:76)
	at wdframework.webelements.Element.isDisplayed(Element.java:76)
	at wdframework.webelements.Element.isDisplayed(Element.java:76)
	at wdframework.webelements.Element.isDisplayed(Element.java:76)
	at wdframework.webelements.Element.isDisplayed(Element.java:76)
	at wdframework.webelements.Element.isDisplayed(Element.java:76)
	at wdframework.webelements.Element.isDisplayed(Element.java:76)
	at wdframework.webelements.Element.isDisplayed(Element.java:76)
	at wdframework.webelements.Element.isDisplayed(Element.java:76)
	at wdframework.webelements.Element.isDisplayed(Element.java:76)
	at wdframework.webelements.Element.isDisplayed(Element.java:76)
	at wdframework.webelements.Element.isDisplayed(Element.java:76)
	at wdframework.webelements.Element.isDisplayed(Element.java:76)
	at wdframework.webelements.Element.isDisplayed(Element.java:76)
	at wdframework.webelements.Element.isDisplayed(Element.java:76)
	at wdframework.webelements.Element.isDisplayed(Element.java:76)
	at wdframework.webelements.Element.isDisplayed(Element.java:76)
	at wdframework.webelements.Element.isDisplayed(Element.java:76)
	at wdframework.webelements.Element.isDisplayed(Element.java:76)
	at wdframework.webelements.Element.isDisplayed(Element.java:76)
	at wdframework.webelements.Element.isDisplayed(Element.java:76)
	at wdframework.webelements.Element.isDisplayed(Element.java:76)
	at wdframework.webelements.Element.isDisplayed(Element.java:76)
	at wdframework.webelements.Element.isDisplayed(Element.java:76)
	at wdframework.webelements.Element.isDisplayed(Element.java:76)
	at wdframework.webelements.Element.isDisplayed(Element.java:76)
	at wdframework.webelements.Element.isDisplayed(Element.java:76)
	at wdframework.webelements.Element.isDisplayed(Element.java:76)
	at wdframework.webelements.Element.isDisplayed(Element.java:76)
	at wdframework.webelements.Element.isDisplayed(Element.java:76)
	at wdframework.webelements.Element.isDisplayed(Element.java:76)
	at wdframework.webelements.Element.isDisplayed(Element.java:76)
	at wdframework.webelements.Element.isDisplayed(Element.java:76)
	at wdframework.webelements.Element.isDisplayed(Element.java:76)
	at wdframework.webelements.Element.isDisplayed(Element.java:76)
	at wdframework.webelements.Element.isDisplayed(Element.java:76)
	at wdframework.webelements.Element.isDisplayed(Element.java:76)
	at wdframework.webelements.Element.isDisplayed(Element.java:76)
	at wdframework.webelements.Element.isDisplayed(Element.java:76)
	at wdframework.webelements.Element.isDisplayed(Element.java:76)
	at wdframework.webelements.Element.isDisplayed(Element.java:76)
	at wdframework.webelements.Element.isDisplayed(Element.java:76)
	at wdframework.webelements.Element.isDisplayed(Element.java:76)
	at wdframework.webelements.Element.isDisplayed(Element.java:76)
	at wdframework.webelements.Element.isDisplayed(Element.java:76)
	at wdframework.webelements.Element.isDisplayed(Element.java:76)
	at wdframework.webelements.Element.isDisplayed(Element.java:76)
	at wdframework.webelements.Element.isDisplayed(Element.java:76)
	at wdframework.webelements.Element.isDisplayed(Element.java:76)
	at wdframework.webelements.Element.isDisplayed(Element.java:76)
	at wdframework.webelements.Element.isDisplayed(Element.java:76)
	at wdframework.webelements.Element.isDisplayed(Element.java:76)
	at wdframework.webelements.Element.isDisplayed(Element.java:76)
	at wdframework.webelements.Element.isDisplayed(Element.java:76)
	at wdframework.webelements.Element.isDisplayed(Element.java:76)
	at wdframework.webelements.Element.isDisplayed(Element.java:76)
	at wdframework.webelements.Element.isDisplayed(Element.java:76)
	at wdframework.webelements.Element.isDisplayed(Element.java:76)
	at wdframework.webelements.Element.isDisplayed(Element.java:76)
	at wdframework.webelements.Element.isDisplayed(Element.java:76)
	at wdframework.webelements.Element.isDisplayed(Element.java:76)
	at wdframework.webelements.Element.isDisplayed(Element.java:76)
	at wdframework.webelements.Element.isDisplayed(Element.java:76)
	at wdframework.webelements.Element.isDisplayed(Element.java:76)
	at wdframework.webelements.Element.isDisplayed(Element.java:76)
	at wdframework.webelements.Element.isDisplayed(Element.java:76)
	at wdframework.webelements.Element.isDisplayed(Element.java:76)
	at wdframework.webelements.Element.isDisplayed(Element.java:76)
	at wdframework.webelements.Element.isDisplayed(Element.java:76)
	at wdframework.webelements.Element.isDisplayed(Element.java:76)
	at wdframework.webelements.Element.isDisplayed(Element.java:76)
	at wdframework.webelements.Element.isDisplayed(Element.java:76)
	at wdframework.webelements.Element.isDisplayed(Element.java:76)
	at wdframework.webelements.Element.isDisplayed(Element.java:76)
	at wdframework.webelements.Element.isDisplayed(Element.java:76)
	at wdframework.webelements.Element.isDisplayed(Element.java:76)
	at wdframework.webelements.Element.isDisplayed(Element.java:76)
	at wdframework.webelements.Element.isDisplayed(Element.java:76)
	at wdframework.webelements.Element.isDisplayed(Element.java:76)
	at wdframework.webelements.Element.isDisplayed(Element.java:76)
	at wdframework.webelements.Element.isDisplayed(Element.java:76)
	at wdframework.webelements.Element.isDisplayed(Element.java:76)
	at wdframework.webelements.Element.isDisplayed(Element.java:76)
	at wdframework.webelements.Element.isDisplayed(Element.java:76)
	at wdframework.webelements.Element.isDisplayed(Element.java:76)
	at wdframework.webelements.Element.isDisplayed(Element.java:76)
	at wdframework.webelements.Element.isDisplayed(Element.java:76)
	at wdframework.webelements.Element.isDisplayed(Element.java:76)
	at wdframework.webelements.Element.isDisplayed(Element.java:76)
	at wdframework.webelements.Element.isDisplayed(Element.java:76)
	at wdframework.webelements.Element.isDisplayed(Element.java:76)
	at wdframework.webelements.Element.isDisplayed(Element.java:76)
	at wdframework.webelements.Element.isDisplayed(Element.java:76)
	at wdframework.webelements.Element.isDisplayed(Element.java:76)
	at wdframework.webelements.Element.isDisplayed(Element.java:76)
	at wdframework.webelements.Element.isDisplayed(Element.java:76)
	at wdframework.webelements.Element.isDisplayed(Element.java:76)
	at wdframework.webelements.Element.isDisplayed(Element.java:76)
	at wdframework.webelements.Element.isDisplayed(Element.java:76)
	at wdframework.webelements.Element.isDisplayed(Element.java:76)
	at wdframework.webelements.Element.isDisplayed(Element.java:76)
	at wdframework.webelements.Element.isDisplayed(Element.java:76)
	at wdframework.webelements.Element.isDisplayed(Element.java:76)
	at wdframework.webelements.Element.isDisplayed(Element.java:76)
	at wdframework.webelements.Element.isDisplayed(Element.java:76)
	at wdframework.webelements.Element.isDisplayed(Element.java:76)
	at wdframework.webelements.Element.isDisplayed(Element.java:76)
	at wdframework.webelements.Element.isDisplayed(Element.java:76)
	at wdframework.webelements.Element.isDisplayed(Element.java:76)
	at wdframework.webelements.Element.isDisplayed(Element.java:76)
]]>
    </failure>
  </testcase> <!-- TestGoogle7 -->
</testsuite> <!-- Sample Tests on Grid -->
